[Choosing CUDA device...]
NVIDIA A40
[Creating frb kernel...]
[Done creating frb kernel]
CHORD FRB beamformer
Compiling kernel...
Allocating input data...
Setting up input data...
Setting up input data...
Copying data from CPU to GPU...
Running kernel...
Copying data back from GPU to CPU...
Checking results...
    Fsh1:
        dish=0 freq=0 polr=0 time=0 Fsh1=1 + 0im (m,n)=(0,0) S=0
    Fsh2:
        dishM=0 dishN=0 freq=0 polr=0 time=0 Fsh2=1 + 0im
    I:
        beamp=0 beamq=0 freq=0 polr=0 dstime=0 I=16.0
        beamp=1 beamq=0 freq=0 polr=0 dstime=0 I=6.828125
        beamp=3 beamq=0 freq=0 polr=0 dstime=0 I=1.171875
        beamp=5 beamq=0 freq=0 polr=0 dstime=0 I=1.171875
        beamp=7 beamq=0 freq=0 polr=0 dstime=0 I=6.828125
        beamp=8 beamq=0 freq=0 polr=0 dstime=0 I=16.0
        beamp=9 beamq=0 freq=0 polr=0 dstime=0 I=6.828125
        beamp=11 beamq=0 freq=0 polr=0 dstime=0 I=1.171875
        beamp=13 beamq=0 freq=0 polr=0 dstime=0 I=1.171875
        beamp=15 beamq=0 freq=0 polr=0 dstime=0 I=6.828125
        beamp=16 beamq=0 freq=0 polr=0 dstime=0 I=16.0
        beamp=17 beamq=0 freq=0 polr=0 dstime=0 I=6.828125
        beamp=19 beamq=0 freq=0 polr=0 dstime=0 I=1.171875
        beamp=21 beamq=0 freq=0 polr=0 dstime=0 I=1.171875
        beamp=23 beamq=0 freq=0 polr=0 dstime=0 I=6.828125
        beamp=24 beamq=0 freq=0 polr=0 dstime=0 I=16.0
        beamp=25 beamq=0 freq=0 polr=0 dstime=0 I=6.828125
        beamp=27 beamq=0 freq=0 polr=0 dstime=0 I=1.171875
        beamp=29 beamq=0 freq=0 polr=0 dstime=0 I=1.171875
        beamp=31 beamq=0 freq=0 polr=0 dstime=0 I=6.828125
        beamp=32 beamq=0 freq=0 polr=0 dstime=0 I=16.0
        beamp=33 beamq=0 freq=0 polr=0 dstime=0 I=6.828125
        beamp=35 beamq=0 freq=0 polr=0 dstime=0 I=1.171875
        beamp=37 beamq=0 freq=0 polr=0 dstime=0 I=1.171875
        beamp=39 beamq=0 freq=0 polr=0 dstime=0 I=6.828125
        beamp=40 beamq=0 freq=0 polr=0 dstime=0 I=16.0
        beamp=41 beamq=0 freq=0 polr=0 dstime=0 I=6.828125
        beamp=43 beamq=0 freq=0 polr=0 dstime=0 I=1.171875
        beamp=45 beamq=0 freq=0 polr=0 dstime=0 I=1.171875
        beamp=47 beamq=0 freq=0 polr=0 dstime=0 I=6.828125
        beamp=0 beamq=1 freq=0 polr=0 dstime=0 I=16.0
        beamp=1 beamq=1 freq=0 polr=0 dstime=0 I=6.828125
        beamp=3 beamq=1 freq=0 polr=0 dstime=0 I=1.171875
        beamp=5 beamq=1 freq=0 polr=0 dstime=0 I=1.171875
        beamp=7 beamq=1 freq=0 polr=0 dstime=0 I=6.828125
        beamp=8 beamq=1 freq=0 polr=0 dstime=0 I=16.0
        beamp=9 beamq=1 freq=0 polr=0 dstime=0 I=6.828125
        beamp=11 beamq=1 freq=0 polr=0 dstime=0 I=1.171875
        beamp=13 beamq=1 freq=0 polr=0 dstime=0 I=1.171875
        beamp=15 beamq=1 freq=0 polr=0 dstime=0 I=6.828125
        beamp=16 beamq=1 freq=0 polr=0 dstime=0 I=16.0
        beamp=17 beamq=1 freq=0 polr=0 dstime=0 I=6.828125
        beamp=19 beamq=1 freq=0 polr=0 dstime=0 I=1.171875
        beamp=21 beamq=1 freq=0 polr=0 dstime=0 I=1.171875
        beamp=23 beamq=1 freq=0 polr=0 dstime=0 I=6.828125
        beamp=24 beamq=1 freq=0 polr=0 dstime=0 I=16.0
        beamp=25 beamq=1 freq=0 polr=0 dstime=0 I=6.828125
        beamp=27 beamq=1 freq=0 polr=0 dstime=0 I=1.171875
        beamp=29 beamq=1 freq=0 polr=0 dstime=0 I=1.171875
        beamp=31 beamq=1 freq=0 polr=0 dstime=0 I=6.828125
        beamp=32 beamq=1 freq=0 polr=0 dstime=0 I=16.0
        beamp=33 beamq=1 freq=0 polr=0 dstime=0 I=6.828125
        beamp=35 beamq=1 freq=0 polr=0 dstime=0 I=1.171875
        beamp=37 beamq=1 freq=0 polr=0 dstime=0 I=1.171875
        beamp=39 beamq=1 freq=0 polr=0 dstime=0 I=6.828125
        beamp=40 beamq=1 freq=0 polr=0 dstime=0 I=16.0
        beamp=41 beamq=1 freq=0 polr=0 dstime=0 I=6.828125
        beamp=43 beamq=1 freq=0 polr=0 dstime=0 I=1.171875
        beamp=45 beamq=1 freq=0 polr=0 dstime=0 I=1.171875
        beamp=47 beamq=1 freq=0 polr=0 dstime=0 I=6.828125
        beamp=0 beamq=2 freq=0 polr=0 dstime=0 I=16.0
        beamp=1 beamq=2 freq=0 polr=0 dstime=0 I=6.828125
        beamp=3 beamq=2 freq=0 polr=0 dstime=0 I=1.171875
        beamp=5 beamq=2 freq=0 polr=0 dstime=0 I=1.171875
        beamp=7 beamq=2 freq=0 polr=0 dstime=0 I=6.828125
        beamp=8 beamq=2 freq=0 polr=0 dstime=0 I=16.0
        beamp=9 beamq=2 freq=0 polr=0 dstime=0 I=6.828125
        beamp=11 beamq=2 freq=0 polr=0 dstime=0 I=1.171875
        beamp=13 beamq=2 freq=0 polr=0 dstime=0 I=1.171875
        beamp=15 beamq=2 freq=0 polr=0 dstime=0 I=6.828125
        beamp=16 beamq=2 freq=0 polr=0 dstime=0 I=16.0
        beamp=17 beamq=2 freq=0 polr=0 dstime=0 I=6.828125
        beamp=19 beamq=2 freq=0 polr=0 dstime=0 I=1.171875
        beamp=21 beamq=2 freq=0 polr=0 dstime=0 I=1.171875
        beamp=23 beamq=2 freq=0 polr=0 dstime=0 I=6.828125
        beamp=24 beamq=2 freq=0 polr=0 dstime=0 I=16.0
        beamp=25 beamq=2 freq=0 polr=0 dstime=0 I=6.828125
        beamp=27 beamq=2 freq=0 polr=0 dstime=0 I=1.171875
        beamp=29 beamq=2 freq=0 polr=0 dstime=0 I=1.171875
        beamp=31 beamq=2 freq=0 polr=0 dstime=0 I=6.828125
        beamp=32 beamq=2 freq=0 polr=0 dstime=0 I=16.0
        beamp=33 beamq=2 freq=0 polr=0 dstime=0 I=6.828125
        beamp=35 beamq=2 freq=0 polr=0 dstime=0 I=1.171875
        beamp=37 beamq=2 freq=0 polr=0 dstime=0 I=1.171875
        beamp=39 beamq=2 freq=0 polr=0 dstime=0 I=6.828125
        beamp=40 beamq=2 freq=0 polr=0 dstime=0 I=16.0
        beamp=41 beamq=2 freq=0 polr=0 dstime=0 I=6.828125
        beamp=43 beamq=2 freq=0 polr=0 dstime=0 I=1.171875
        beamp=45 beamq=2 freq=0 polr=0 dstime=0 I=1.171875
        beamp=47 beamq=2 freq=0 polr=0 dstime=0 I=6.828125
        beamp=0 beamq=3 freq=0 polr=0 dstime=0 I=16.0
        beamp=1 beamq=3 freq=0 polr=0 dstime=0 I=6.828125
        beamp=3 beamq=3 freq=0 polr=0 dstime=0 I=1.171875
        beamp=5 beamq=3 freq=0 polr=0 dstime=0 I=1.171875
        beamp=7 beamq=3 freq=0 polr=0 dstime=0 I=6.828125
        beamp=8 beamq=3 freq=0 polr=0 dstime=0 I=16.0
        beamp=9 beamq=3 freq=0 polr=0 dstime=0 I=6.828125
        beamp=11 beamq=3 freq=0 polr=0 dstime=0 I=1.171875
        beamp=13 beamq=3 freq=0 polr=0 dstime=0 I=1.171875
        beamp=15 beamq=3 freq=0 polr=0 dstime=0 I=6.828125
        beamp=16 beamq=3 freq=0 polr=0 dstime=0 I=16.0
        beamp=17 beamq=3 freq=0 polr=0 dstime=0 I=6.828125
        beamp=19 beamq=3 freq=0 polr=0 dstime=0 I=1.171875
        beamp=21 beamq=3 freq=0 polr=0 dstime=0 I=1.171875
        beamp=23 beamq=3 freq=0 polr=0 dstime=0 I=6.828125
        beamp=24 beamq=3 freq=0 polr=0 dstime=0 I=16.0
        beamp=25 beamq=3 freq=0 polr=0 dstime=0 I=6.828125
        beamp=27 beamq=3 freq=0 polr=0 dstime=0 I=1.171875
        beamp=29 beamq=3 freq=0 polr=0 dstime=0 I=1.171875
        beamp=31 beamq=3 freq=0 polr=0 dstime=0 I=6.828125
        beamp=32 beamq=3 freq=0 polr=0 dstime=0 I=16.0
        beamp=33 beamq=3 freq=0 polr=0 dstime=0 I=6.828125
        beamp=35 beamq=3 freq=0 polr=0 dstime=0 I=1.171875
        beamp=37 beamq=3 freq=0 polr=0 dstime=0 I=1.171875
        beamp=39 beamq=3 freq=0 polr=0 dstime=0 I=6.828125
        beamp=40 beamq=3 freq=0 polr=0 dstime=0 I=16.0
        beamp=41 beamq=3 freq=0 polr=0 dstime=0 I=6.828125
        beamp=43 beamq=3 freq=0 polr=0 dstime=0 I=1.171875
        beamp=45 beamq=3 freq=0 polr=0 dstime=0 I=1.171875
        beamp=47 beamq=3 freq=0 polr=0 dstime=0 I=6.828125
        beamp=0 beamq=4 freq=0 polr=0 dstime=0 I=16.0
        beamp=1 beamq=4 freq=0 polr=0 dstime=0 I=6.828125
        beamp=3 beamq=4 freq=0 polr=0 dstime=0 I=1.171875
        beamp=5 beamq=4 freq=0 polr=0 dstime=0 I=1.171875
        beamp=7 beamq=4 freq=0 polr=0 dstime=0 I=6.828125
        beamp=8 beamq=4 freq=0 polr=0 dstime=0 I=16.0
        beamp=9 beamq=4 freq=0 polr=0 dstime=0 I=6.828125
        beamp=11 beamq=4 freq=0 polr=0 dstime=0 I=1.171875
        beamp=13 beamq=4 freq=0 polr=0 dstime=0 I=1.171875
        beamp=15 beamq=4 freq=0 polr=0 dstime=0 I=6.828125
        beamp=16 beamq=4 freq=0 polr=0 dstime=0 I=16.0
        beamp=17 beamq=4 freq=0 polr=0 dstime=0 I=6.828125
        beamp=19 beamq=4 freq=0 polr=0 dstime=0 I=1.171875
        beamp=21 beamq=4 freq=0 polr=0 dstime=0 I=1.171875
        beamp=23 beamq=4 freq=0 polr=0 dstime=0 I=6.828125
        beamp=24 beamq=4 freq=0 polr=0 dstime=0 I=16.0
        beamp=25 beamq=4 freq=0 polr=0 dstime=0 I=6.828125
        beamp=27 beamq=4 freq=0 polr=0 dstime=0 I=1.171875
        beamp=29 beamq=4 freq=0 polr=0 dstime=0 I=1.171875
        beamp=31 beamq=4 freq=0 polr=0 dstime=0 I=6.828125
        beamp=32 beamq=4 freq=0 polr=0 dstime=0 I=16.0
        beamp=33 beamq=4 freq=0 polr=0 dstime=0 I=6.828125
        beamp=35 beamq=4 freq=0 polr=0 dstime=0 I=1.171875
        beamp=37 beamq=4 freq=0 polr=0 dstime=0 I=1.171875
        beamp=39 beamq=4 freq=0 polr=0 dstime=0 I=6.828125
        beamp=40 beamq=4 freq=0 polr=0 dstime=0 I=16.0
        beamp=41 beamq=4 freq=0 polr=0 dstime=0 I=6.828125
        beamp=43 beamq=4 freq=0 polr=0 dstime=0 I=1.171875
        beamp=45 beamq=4 freq=0 polr=0 dstime=0 I=1.171875
        beamp=47 beamq=4 freq=0 polr=0 dstime=0 I=6.828125
        beamp=0 beamq=5 freq=0 polr=0 dstime=0 I=16.0
        beamp=1 beamq=5 freq=0 polr=0 dstime=0 I=6.828125
        beamp=3 beamq=5 freq=0 polr=0 dstime=0 I=1.171875
        beamp=5 beamq=5 freq=0 polr=0 dstime=0 I=1.171875
        beamp=7 beamq=5 freq=0 polr=0 dstime=0 I=6.828125
        beamp=8 beamq=5 freq=0 polr=0 dstime=0 I=16.0
        beamp=9 beamq=5 freq=0 polr=0 dstime=0 I=6.828125
        beamp=11 beamq=5 freq=0 polr=0 dstime=0 I=1.171875
        beamp=13 beamq=5 freq=0 polr=0 dstime=0 I=1.171875
        beamp=15 beamq=5 freq=0 polr=0 dstime=0 I=6.828125
        beamp=16 beamq=5 freq=0 polr=0 dstime=0 I=16.0
        beamp=17 beamq=5 freq=0 polr=0 dstime=0 I=6.828125
        beamp=19 beamq=5 freq=0 polr=0 dstime=0 I=1.171875
        beamp=21 beamq=5 freq=0 polr=0 dstime=0 I=1.171875
        beamp=23 beamq=5 freq=0 polr=0 dstime=0 I=6.828125
        beamp=24 beamq=5 freq=0 polr=0 dstime=0 I=16.0
        beamp=25 beamq=5 freq=0 polr=0 dstime=0 I=6.828125
        beamp=27 beamq=5 freq=0 polr=0 dstime=0 I=1.171875
        beamp=29 beamq=5 freq=0 polr=0 dstime=0 I=1.171875
        beamp=31 beamq=5 freq=0 polr=0 dstime=0 I=6.828125
        beamp=32 beamq=5 freq=0 polr=0 dstime=0 I=16.0
        beamp=33 beamq=5 freq=0 polr=0 dstime=0 I=6.828125
        beamp=35 beamq=5 freq=0 polr=0 dstime=0 I=1.171875
        beamp=37 beamq=5 freq=0 polr=0 dstime=0 I=1.171875
        beamp=39 beamq=5 freq=0 polr=0 dstime=0 I=6.828125
        beamp=40 beamq=5 freq=0 polr=0 dstime=0 I=16.0
        beamp=41 beamq=5 freq=0 polr=0 dstime=0 I=6.828125
        beamp=43 beamq=5 freq=0 polr=0 dstime=0 I=1.171875
        beamp=45 beamq=5 freq=0 polr=0 dstime=0 I=1.171875
        beamp=47 beamq=5 freq=0 polr=0 dstime=0 I=6.828125
        beamp=0 beamq=6 freq=0 polr=0 dstime=0 I=16.0
        beamp=1 beamq=6 freq=0 polr=0 dstime=0 I=6.828125
        beamp=3 beamq=6 freq=0 polr=0 dstime=0 I=1.171875
        beamp=5 beamq=6 freq=0 polr=0 dstime=0 I=1.171875
        beamp=7 beamq=6 freq=0 polr=0 dstime=0 I=6.828125
        beamp=8 beamq=6 freq=0 polr=0 dstime=0 I=16.0
        beamp=9 beamq=6 freq=0 polr=0 dstime=0 I=6.828125
        beamp=11 beamq=6 freq=0 polr=0 dstime=0 I=1.171875
        beamp=13 beamq=6 freq=0 polr=0 dstime=0 I=1.171875
        beamp=15 beamq=6 freq=0 polr=0 dstime=0 I=6.828125
        beamp=16 beamq=6 freq=0 polr=0 dstime=0 I=16.0
        beamp=17 beamq=6 freq=0 polr=0 dstime=0 I=6.828125
        beamp=19 beamq=6 freq=0 polr=0 dstime=0 I=1.171875
        beamp=21 beamq=6 freq=0 polr=0 dstime=0 I=1.171875
        beamp=23 beamq=6 freq=0 polr=0 dstime=0 I=6.828125
        beamp=24 beamq=6 freq=0 polr=0 dstime=0 I=16.0
        beamp=25 beamq=6 freq=0 polr=0 dstime=0 I=6.828125
        beamp=27 beamq=6 freq=0 polr=0 dstime=0 I=1.171875
        beamp=29 beamq=6 freq=0 polr=0 dstime=0 I=1.171875
        beamp=31 beamq=6 freq=0 polr=0 dstime=0 I=6.828125
        beamp=32 beamq=6 freq=0 polr=0 dstime=0 I=16.0
        beamp=33 beamq=6 freq=0 polr=0 dstime=0 I=6.828125
        beamp=35 beamq=6 freq=0 polr=0 dstime=0 I=1.171875
        beamp=37 beamq=6 freq=0 polr=0 dstime=0 I=1.171875
        beamp=39 beamq=6 freq=0 polr=0 dstime=0 I=6.828125
        beamp=40 beamq=6 freq=0 polr=0 dstime=0 I=16.0
        beamp=41 beamq=6 freq=0 polr=0 dstime=0 I=6.828125
        beamp=43 beamq=6 freq=0 polr=0 dstime=0 I=1.171875
        beamp=45 beamq=6 freq=0 polr=0 dstime=0 I=1.171875
        beamp=47 beamq=6 freq=0 polr=0 dstime=0 I=6.828125
        beamp=0 beamq=7 freq=0 polr=0 dstime=0 I=16.0
        beamp=1 beamq=7 freq=0 polr=0 dstime=0 I=6.828125
        beamp=3 beamq=7 freq=0 polr=0 dstime=0 I=1.171875
        beamp=5 beamq=7 freq=0 polr=0 dstime=0 I=1.171875
        beamp=7 beamq=7 freq=0 polr=0 dstime=0 I=6.828125
        beamp=8 beamq=7 freq=0 polr=0 dstime=0 I=16.0
        beamp=9 beamq=7 freq=0 polr=0 dstime=0 I=6.828125
        beamp=11 beamq=7 freq=0 polr=0 dstime=0 I=1.171875
        beamp=13 beamq=7 freq=0 polr=0 dstime=0 I=1.171875
        beamp=15 beamq=7 freq=0 polr=0 dstime=0 I=6.828125
        beamp=16 beamq=7 freq=0 polr=0 dstime=0 I=16.0
        beamp=17 beamq=7 freq=0 polr=0 dstime=0 I=6.828125
        beamp=19 beamq=7 freq=0 polr=0 dstime=0 I=1.171875
        beamp=21 beamq=7 freq=0 polr=0 dstime=0 I=1.171875
        beamp=23 beamq=7 freq=0 polr=0 dstime=0 I=6.828125
        beamp=24 beamq=7 freq=0 polr=0 dstime=0 I=16.0
        beamp=25 beamq=7 freq=0 polr=0 dstime=0 I=6.828125
        beamp=27 beamq=7 freq=0 polr=0 dstime=0 I=1.171875
        beamp=29 beamq=7 freq=0 polr=0 dstime=0 I=1.171875
        beamp=31 beamq=7 freq=0 polr=0 dstime=0 I=6.828125
        beamp=32 beamq=7 freq=0 polr=0 dstime=0 I=16.0
        beamp=33 beamq=7 freq=0 polr=0 dstime=0 I=6.828125
        beamp=35 beamq=7 freq=0 polr=0 dstime=0 I=1.171875
        beamp=37 beamq=7 freq=0 polr=0 dstime=0 I=1.171875
        beamp=39 beamq=7 freq=0 polr=0 dstime=0 I=6.828125
        beamp=40 beamq=7 freq=0 polr=0 dstime=0 I=16.0
        beamp=41 beamq=7 freq=0 polr=0 dstime=0 I=6.828125
        beamp=43 beamq=7 freq=0 polr=0 dstime=0 I=1.171875
        beamp=45 beamq=7 freq=0 polr=0 dstime=0 I=1.171875
        beamp=47 beamq=7 freq=0 polr=0 dstime=0 I=6.828125
        beamp=0 beamq=8 freq=0 polr=0 dstime=0 I=16.0
        beamp=1 beamq=8 freq=0 polr=0 dstime=0 I=6.828125
        beamp=3 beamq=8 freq=0 polr=0 dstime=0 I=1.171875
        beamp=5 beamq=8 freq=0 polr=0 dstime=0 I=1.171875
        beamp=7 beamq=8 freq=0 polr=0 dstime=0 I=6.828125
        beamp=8 beamq=8 freq=0 polr=0 dstime=0 I=16.0
        beamp=9 beamq=8 freq=0 polr=0 dstime=0 I=6.828125
        beamp=11 beamq=8 freq=0 polr=0 dstime=0 I=1.171875
        beamp=13 beamq=8 freq=0 polr=0 dstime=0 I=1.171875
        beamp=15 beamq=8 freq=0 polr=0 dstime=0 I=6.828125
        beamp=16 beamq=8 freq=0 polr=0 dstime=0 I=16.0
        beamp=17 beamq=8 freq=0 polr=0 dstime=0 I=6.828125
        beamp=19 beamq=8 freq=0 polr=0 dstime=0 I=1.171875
        beamp=21 beamq=8 freq=0 polr=0 dstime=0 I=1.171875
        beamp=23 beamq=8 freq=0 polr=0 dstime=0 I=6.828125
        beamp=24 beamq=8 freq=0 polr=0 dstime=0 I=16.0
        beamp=25 beamq=8 freq=0 polr=0 dstime=0 I=6.828125
        beamp=27 beamq=8 freq=0 polr=0 dstime=0 I=1.171875
        beamp=29 beamq=8 freq=0 polr=0 dstime=0 I=1.171875
        beamp=31 beamq=8 freq=0 polr=0 dstime=0 I=6.828125
        beamp=32 beamq=8 freq=0 polr=0 dstime=0 I=16.0
        beamp=33 beamq=8 freq=0 polr=0 dstime=0 I=6.828125
        beamp=35 beamq=8 freq=0 polr=0 dstime=0 I=1.171875
        beamp=37 beamq=8 freq=0 polr=0 dstime=0 I=1.171875
        beamp=39 beamq=8 freq=0 polr=0 dstime=0 I=6.828125
        beamp=40 beamq=8 freq=0 polr=0 dstime=0 I=16.0
        beamp=41 beamq=8 freq=0 polr=0 dstime=0 I=6.828125
        beamp=43 beamq=8 freq=0 polr=0 dstime=0 I=1.171875
        beamp=45 beamq=8 freq=0 polr=0 dstime=0 I=1.171875
        beamp=47 beamq=8 freq=0 polr=0 dstime=0 I=6.828125
        beamp=0 beamq=9 freq=0 polr=0 dstime=0 I=16.0
        beamp=1 beamq=9 freq=0 polr=0 dstime=0 I=6.828125
        beamp=3 beamq=9 freq=0 polr=0 dstime=0 I=1.171875
        beamp=5 beamq=9 freq=0 polr=0 dstime=0 I=1.171875
        beamp=7 beamq=9 freq=0 polr=0 dstime=0 I=6.828125
        beamp=8 beamq=9 freq=0 polr=0 dstime=0 I=16.0
        beamp=9 beamq=9 freq=0 polr=0 dstime=0 I=6.828125
        beamp=11 beamq=9 freq=0 polr=0 dstime=0 I=1.171875
        beamp=13 beamq=9 freq=0 polr=0 dstime=0 I=1.171875
        beamp=15 beamq=9 freq=0 polr=0 dstime=0 I=6.828125
        beamp=16 beamq=9 freq=0 polr=0 dstime=0 I=16.0
        beamp=17 beamq=9 freq=0 polr=0 dstime=0 I=6.828125
        beamp=19 beamq=9 freq=0 polr=0 dstime=0 I=1.171875
        beamp=21 beamq=9 freq=0 polr=0 dstime=0 I=1.171875
        beamp=23 beamq=9 freq=0 polr=0 dstime=0 I=6.828125
        beamp=24 beamq=9 freq=0 polr=0 dstime=0 I=16.0
        beamp=25 beamq=9 freq=0 polr=0 dstime=0 I=6.828125
        beamp=27 beamq=9 freq=0 polr=0 dstime=0 I=1.171875
        beamp=29 beamq=9 freq=0 polr=0 dstime=0 I=1.171875
        beamp=31 beamq=9 freq=0 polr=0 dstime=0 I=6.828125
        beamp=32 beamq=9 freq=0 polr=0 dstime=0 I=16.0
        beamp=33 beamq=9 freq=0 polr=0 dstime=0 I=6.828125
        beamp=35 beamq=9 freq=0 polr=0 dstime=0 I=1.171875
        beamp=37 beamq=9 freq=0 polr=0 dstime=0 I=1.171875
        beamp=39 beamq=9 freq=0 polr=0 dstime=0 I=6.828125
        beamp=40 beamq=9 freq=0 polr=0 dstime=0 I=16.0
        beamp=41 beamq=9 freq=0 polr=0 dstime=0 I=6.828125
        beamp=43 beamq=9 freq=0 polr=0 dstime=0 I=1.171875
        beamp=45 beamq=9 freq=0 polr=0 dstime=0 I=1.171875
        beamp=47 beamq=9 freq=0 polr=0 dstime=0 I=6.828125
        beamp=0 beamq=10 freq=0 polr=0 dstime=0 I=16.0
        beamp=1 beamq=10 freq=0 polr=0 dstime=0 I=6.828125
        beamp=3 beamq=10 freq=0 polr=0 dstime=0 I=1.171875
        beamp=5 beamq=10 freq=0 polr=0 dstime=0 I=1.171875
        beamp=7 beamq=10 freq=0 polr=0 dstime=0 I=6.828125
        beamp=8 beamq=10 freq=0 polr=0 dstime=0 I=16.0
        beamp=9 beamq=10 freq=0 polr=0 dstime=0 I=6.828125
        beamp=11 beamq=10 freq=0 polr=0 dstime=0 I=1.171875
        beamp=13 beamq=10 freq=0 polr=0 dstime=0 I=1.171875
        beamp=15 beamq=10 freq=0 polr=0 dstime=0 I=6.828125
        beamp=16 beamq=10 freq=0 polr=0 dstime=0 I=16.0
        beamp=17 beamq=10 freq=0 polr=0 dstime=0 I=6.828125
        beamp=19 beamq=10 freq=0 polr=0 dstime=0 I=1.171875
        beamp=21 beamq=10 freq=0 polr=0 dstime=0 I=1.171875
        beamp=23 beamq=10 freq=0 polr=0 dstime=0 I=6.828125
        beamp=24 beamq=10 freq=0 polr=0 dstime=0 I=16.0
        beamp=25 beamq=10 freq=0 polr=0 dstime=0 I=6.828125
        beamp=27 beamq=10 freq=0 polr=0 dstime=0 I=1.171875
        beamp=29 beamq=10 freq=0 polr=0 dstime=0 I=1.171875
        beamp=31 beamq=10 freq=0 polr=0 dstime=0 I=6.828125
        beamp=32 beamq=10 freq=0 polr=0 dstime=0 I=16.0
        beamp=33 beamq=10 freq=0 polr=0 dstime=0 I=6.828125
        beamp=35 beamq=10 freq=0 polr=0 dstime=0 I=1.171875
        beamp=37 beamq=10 freq=0 polr=0 dstime=0 I=1.171875
        beamp=39 beamq=10 freq=0 polr=0 dstime=0 I=6.828125
        beamp=40 beamq=10 freq=0 polr=0 dstime=0 I=16.0
        beamp=41 beamq=10 freq=0 polr=0 dstime=0 I=6.828125
        beamp=43 beamq=10 freq=0 polr=0 dstime=0 I=1.171875
        beamp=45 beamq=10 freq=0 polr=0 dstime=0 I=1.171875
        beamp=47 beamq=10 freq=0 polr=0 dstime=0 I=6.828125
        beamp=0 beamq=11 freq=0 polr=0 dstime=0 I=16.0
        beamp=1 beamq=11 freq=0 polr=0 dstime=0 I=6.828125
        beamp=3 beamq=11 freq=0 polr=0 dstime=0 I=1.171875
        beamp=5 beamq=11 freq=0 polr=0 dstime=0 I=1.171875
        beamp=7 beamq=11 freq=0 polr=0 dstime=0 I=6.828125
        beamp=8 beamq=11 freq=0 polr=0 dstime=0 I=16.0
        beamp=9 beamq=11 freq=0 polr=0 dstime=0 I=6.828125
        beamp=11 beamq=11 freq=0 polr=0 dstime=0 I=1.171875
        beamp=13 beamq=11 freq=0 polr=0 dstime=0 I=1.171875
        beamp=15 beamq=11 freq=0 polr=0 dstime=0 I=6.828125
        beamp=16 beamq=11 freq=0 polr=0 dstime=0 I=16.0
        beamp=17 beamq=11 freq=0 polr=0 dstime=0 I=6.828125
        beamp=19 beamq=11 freq=0 polr=0 dstime=0 I=1.171875
        beamp=21 beamq=11 freq=0 polr=0 dstime=0 I=1.171875
        beamp=23 beamq=11 freq=0 polr=0 dstime=0 I=6.828125
        beamp=24 beamq=11 freq=0 polr=0 dstime=0 I=16.0
        beamp=25 beamq=11 freq=0 polr=0 dstime=0 I=6.828125
        beamp=27 beamq=11 freq=0 polr=0 dstime=0 I=1.171875
        beamp=29 beamq=11 freq=0 polr=0 dstime=0 I=1.171875
        beamp=31 beamq=11 freq=0 polr=0 dstime=0 I=6.828125
        beamp=32 beamq=11 freq=0 polr=0 dstime=0 I=16.0
        beamp=33 beamq=11 freq=0 polr=0 dstime=0 I=6.828125
        beamp=35 beamq=11 freq=0 polr=0 dstime=0 I=1.171875
        beamp=37 beamq=11 freq=0 polr=0 dstime=0 I=1.171875
        beamp=39 beamq=11 freq=0 polr=0 dstime=0 I=6.828125
        beamp=40 beamq=11 freq=0 polr=0 dstime=0 I=16.0
        beamp=41 beamq=11 freq=0 polr=0 dstime=0 I=6.828125
        beamp=43 beamq=11 freq=0 polr=0 dstime=0 I=1.171875
        beamp=45 beamq=11 freq=0 polr=0 dstime=0 I=1.171875
        beamp=47 beamq=11 freq=0 polr=0 dstime=0 I=6.828125
        beamp=0 beamq=12 freq=0 polr=0 dstime=0 I=16.0
        beamp=1 beamq=12 freq=0 polr=0 dstime=0 I=6.828125
        beamp=3 beamq=12 freq=0 polr=0 dstime=0 I=1.171875
        beamp=5 beamq=12 freq=0 polr=0 dstime=0 I=1.171875
        beamp=7 beamq=12 freq=0 polr=0 dstime=0 I=6.828125
        beamp=8 beamq=12 freq=0 polr=0 dstime=0 I=16.0
        beamp=9 beamq=12 freq=0 polr=0 dstime=0 I=6.828125
        beamp=11 beamq=12 freq=0 polr=0 dstime=0 I=1.171875
        beamp=13 beamq=12 freq=0 polr=0 dstime=0 I=1.171875
        beamp=15 beamq=12 freq=0 polr=0 dstime=0 I=6.828125
        beamp=16 beamq=12 freq=0 polr=0 dstime=0 I=16.0
        beamp=17 beamq=12 freq=0 polr=0 dstime=0 I=6.828125
        beamp=19 beamq=12 freq=0 polr=0 dstime=0 I=1.171875
        beamp=21 beamq=12 freq=0 polr=0 dstime=0 I=1.171875
        beamp=23 beamq=12 freq=0 polr=0 dstime=0 I=6.828125
        beamp=24 beamq=12 freq=0 polr=0 dstime=0 I=16.0
        beamp=25 beamq=12 freq=0 polr=0 dstime=0 I=6.828125
        beamp=27 beamq=12 freq=0 polr=0 dstime=0 I=1.171875
        beamp=29 beamq=12 freq=0 polr=0 dstime=0 I=1.171875
        beamp=31 beamq=12 freq=0 polr=0 dstime=0 I=6.828125
        beamp=32 beamq=12 freq=0 polr=0 dstime=0 I=16.0
        beamp=33 beamq=12 freq=0 polr=0 dstime=0 I=6.828125
        beamp=35 beamq=12 freq=0 polr=0 dstime=0 I=1.171875
        beamp=37 beamq=12 freq=0 polr=0 dstime=0 I=1.171875
        beamp=39 beamq=12 freq=0 polr=0 dstime=0 I=6.828125
        beamp=40 beamq=12 freq=0 polr=0 dstime=0 I=16.0
        beamp=41 beamq=12 freq=0 polr=0 dstime=0 I=6.828125
        beamp=43 beamq=12 freq=0 polr=0 dstime=0 I=1.171875
        beamp=45 beamq=12 freq=0 polr=0 dstime=0 I=1.171875
        beamp=47 beamq=12 freq=0 polr=0 dstime=0 I=6.828125
        beamp=0 beamq=13 freq=0 polr=0 dstime=0 I=16.0
        beamp=1 beamq=13 freq=0 polr=0 dstime=0 I=6.828125
        beamp=3 beamq=13 freq=0 polr=0 dstime=0 I=1.171875
        beamp=5 beamq=13 freq=0 polr=0 dstime=0 I=1.171875
        beamp=7 beamq=13 freq=0 polr=0 dstime=0 I=6.828125
        beamp=8 beamq=13 freq=0 polr=0 dstime=0 I=16.0
        beamp=9 beamq=13 freq=0 polr=0 dstime=0 I=6.828125
        beamp=11 beamq=13 freq=0 polr=0 dstime=0 I=1.171875
        beamp=13 beamq=13 freq=0 polr=0 dstime=0 I=1.171875
        beamp=15 beamq=13 freq=0 polr=0 dstime=0 I=6.828125
        beamp=16 beamq=13 freq=0 polr=0 dstime=0 I=16.0
        beamp=17 beamq=13 freq=0 polr=0 dstime=0 I=6.828125
        beamp=19 beamq=13 freq=0 polr=0 dstime=0 I=1.171875
        beamp=21 beamq=13 freq=0 polr=0 dstime=0 I=1.171875
        beamp=23 beamq=13 freq=0 polr=0 dstime=0 I=6.828125
        beamp=24 beamq=13 freq=0 polr=0 dstime=0 I=16.0
        beamp=25 beamq=13 freq=0 polr=0 dstime=0 I=6.828125
        beamp=27 beamq=13 freq=0 polr=0 dstime=0 I=1.171875
        beamp=29 beamq=13 freq=0 polr=0 dstime=0 I=1.171875
        beamp=31 beamq=13 freq=0 polr=0 dstime=0 I=6.828125
        beamp=32 beamq=13 freq=0 polr=0 dstime=0 I=16.0
        beamp=33 beamq=13 freq=0 polr=0 dstime=0 I=6.828125
        beamp=35 beamq=13 freq=0 polr=0 dstime=0 I=1.171875
        beamp=37 beamq=13 freq=0 polr=0 dstime=0 I=1.171875
        beamp=39 beamq=13 freq=0 polr=0 dstime=0 I=6.828125
        beamp=40 beamq=13 freq=0 polr=0 dstime=0 I=16.0
        beamp=41 beamq=13 freq=0 polr=0 dstime=0 I=6.828125
        beamp=43 beamq=13 freq=0 polr=0 dstime=0 I=1.171875
        beamp=45 beamq=13 freq=0 polr=0 dstime=0 I=1.171875
        beamp=47 beamq=13 freq=0 polr=0 dstime=0 I=6.828125
        beamp=0 beamq=14 freq=0 polr=0 dstime=0 I=16.0
        beamp=1 beamq=14 freq=0 polr=0 dstime=0 I=6.828125
        beamp=3 beamq=14 freq=0 polr=0 dstime=0 I=1.171875
        beamp=5 beamq=14 freq=0 polr=0 dstime=0 I=1.171875
        beamp=7 beamq=14 freq=0 polr=0 dstime=0 I=6.828125
        beamp=8 beamq=14 freq=0 polr=0 dstime=0 I=16.0
        beamp=9 beamq=14 freq=0 polr=0 dstime=0 I=6.828125
        beamp=11 beamq=14 freq=0 polr=0 dstime=0 I=1.171875
        beamp=13 beamq=14 freq=0 polr=0 dstime=0 I=1.171875
        beamp=15 beamq=14 freq=0 polr=0 dstime=0 I=6.828125
        beamp=16 beamq=14 freq=0 polr=0 dstime=0 I=16.0
        beamp=17 beamq=14 freq=0 polr=0 dstime=0 I=6.828125
        beamp=19 beamq=14 freq=0 polr=0 dstime=0 I=1.171875
        beamp=21 beamq=14 freq=0 polr=0 dstime=0 I=1.171875
        beamp=23 beamq=14 freq=0 polr=0 dstime=0 I=6.828125
        beamp=24 beamq=14 freq=0 polr=0 dstime=0 I=16.0
        beamp=25 beamq=14 freq=0 polr=0 dstime=0 I=6.828125
        beamp=27 beamq=14 freq=0 polr=0 dstime=0 I=1.171875
        beamp=29 beamq=14 freq=0 polr=0 dstime=0 I=1.171875
        beamp=31 beamq=14 freq=0 polr=0 dstime=0 I=6.828125
        beamp=32 beamq=14 freq=0 polr=0 dstime=0 I=16.0
        beamp=33 beamq=14 freq=0 polr=0 dstime=0 I=6.828125
        beamp=35 beamq=14 freq=0 polr=0 dstime=0 I=1.171875
        beamp=37 beamq=14 freq=0 polr=0 dstime=0 I=1.171875
        beamp=39 beamq=14 freq=0 polr=0 dstime=0 I=6.828125
        beamp=40 beamq=14 freq=0 polr=0 dstime=0 I=16.0
        beamp=41 beamq=14 freq=0 polr=0 dstime=0 I=6.828125
        beamp=43 beamq=14 freq=0 polr=0 dstime=0 I=1.171875
        beamp=45 beamq=14 freq=0 polr=0 dstime=0 I=1.171875
        beamp=47 beamq=14 freq=0 polr=0 dstime=0 I=6.828125
        beamp=0 beamq=15 freq=0 polr=0 dstime=0 I=16.0
        beamp=1 beamq=15 freq=0 polr=0 dstime=0 I=6.828125
        beamp=3 beamq=15 freq=0 polr=0 dstime=0 I=1.171875
        beamp=5 beamq=15 freq=0 polr=0 dstime=0 I=1.171875
        beamp=7 beamq=15 freq=0 polr=0 dstime=0 I=6.828125
        beamp=8 beamq=15 freq=0 polr=0 dstime=0 I=16.0
        beamp=9 beamq=15 freq=0 polr=0 dstime=0 I=6.828125
        beamp=11 beamq=15 freq=0 polr=0 dstime=0 I=1.171875
        beamp=13 beamq=15 freq=0 polr=0 dstime=0 I=1.171875
        beamp=15 beamq=15 freq=0 polr=0 dstime=0 I=6.828125
        beamp=16 beamq=15 freq=0 polr=0 dstime=0 I=16.0
        beamp=17 beamq=15 freq=0 polr=0 dstime=0 I=6.828125
        beamp=19 beamq=15 freq=0 polr=0 dstime=0 I=1.171875
        beamp=21 beamq=15 freq=0 polr=0 dstime=0 I=1.171875
        beamp=23 beamq=15 freq=0 polr=0 dstime=0 I=6.828125
        beamp=24 beamq=15 freq=0 polr=0 dstime=0 I=16.0
        beamp=25 beamq=15 freq=0 polr=0 dstime=0 I=6.828125
        beamp=27 beamq=15 freq=0 polr=0 dstime=0 I=1.171875
        beamp=29 beamq=15 freq=0 polr=0 dstime=0 I=1.171875
        beamp=31 beamq=15 freq=0 polr=0 dstime=0 I=6.828125
        beamp=32 beamq=15 freq=0 polr=0 dstime=0 I=16.0
        beamp=33 beamq=15 freq=0 polr=0 dstime=0 I=6.828125
        beamp=35 beamq=15 freq=0 polr=0 dstime=0 I=1.171875
        beamp=37 beamq=15 freq=0 polr=0 dstime=0 I=1.171875
        beamp=39 beamq=15 freq=0 polr=0 dstime=0 I=6.828125
        beamp=40 beamq=15 freq=0 polr=0 dstime=0 I=16.0
        beamp=41 beamq=15 freq=0 polr=0 dstime=0 I=6.828125
        beamp=43 beamq=15 freq=0 polr=0 dstime=0 I=1.171875
        beamp=45 beamq=15 freq=0 polr=0 dstime=0 I=1.171875
        beamp=47 beamq=15 freq=0 polr=0 dstime=0 I=6.828125
        beamp=0 beamq=16 freq=0 polr=0 dstime=0 I=16.0
        beamp=1 beamq=16 freq=0 polr=0 dstime=0 I=6.828125
        beamp=3 beamq=16 freq=0 polr=0 dstime=0 I=1.171875
        beamp=5 beamq=16 freq=0 polr=0 dstime=0 I=1.171875
        beamp=7 beamq=16 freq=0 polr=0 dstime=0 I=6.828125
        beamp=8 beamq=16 freq=0 polr=0 dstime=0 I=16.0
        beamp=9 beamq=16 freq=0 polr=0 dstime=0 I=6.828125
        beamp=11 beamq=16 freq=0 polr=0 dstime=0 I=1.171875
        beamp=13 beamq=16 freq=0 polr=0 dstime=0 I=1.171875
        beamp=15 beamq=16 freq=0 polr=0 dstime=0 I=6.828125
        beamp=16 beamq=16 freq=0 polr=0 dstime=0 I=16.0
        beamp=17 beamq=16 freq=0 polr=0 dstime=0 I=6.828125
        beamp=19 beamq=16 freq=0 polr=0 dstime=0 I=1.171875
        beamp=21 beamq=16 freq=0 polr=0 dstime=0 I=1.171875
        beamp=23 beamq=16 freq=0 polr=0 dstime=0 I=6.828125
        beamp=24 beamq=16 freq=0 polr=0 dstime=0 I=16.0
        beamp=25 beamq=16 freq=0 polr=0 dstime=0 I=6.828125
        beamp=27 beamq=16 freq=0 polr=0 dstime=0 I=1.171875
        beamp=29 beamq=16 freq=0 polr=0 dstime=0 I=1.171875
        beamp=31 beamq=16 freq=0 polr=0 dstime=0 I=6.828125
        beamp=32 beamq=16 freq=0 polr=0 dstime=0 I=16.0
        beamp=33 beamq=16 freq=0 polr=0 dstime=0 I=6.828125
        beamp=35 beamq=16 freq=0 polr=0 dstime=0 I=1.171875
        beamp=37 beamq=16 freq=0 polr=0 dstime=0 I=1.171875
        beamp=39 beamq=16 freq=0 polr=0 dstime=0 I=6.828125
        beamp=40 beamq=16 freq=0 polr=0 dstime=0 I=16.0
        beamp=41 beamq=16 freq=0 polr=0 dstime=0 I=6.828125
        beamp=43 beamq=16 freq=0 polr=0 dstime=0 I=1.171875
        beamp=45 beamq=16 freq=0 polr=0 dstime=0 I=1.171875
        beamp=47 beamq=16 freq=0 polr=0 dstime=0 I=6.828125
        beamp=0 beamq=17 freq=0 polr=0 dstime=0 I=16.0
        beamp=1 beamq=17 freq=0 polr=0 dstime=0 I=6.828125
        beamp=3 beamq=17 freq=0 polr=0 dstime=0 I=1.171875
        beamp=5 beamq=17 freq=0 polr=0 dstime=0 I=1.171875
        beamp=7 beamq=17 freq=0 polr=0 dstime=0 I=6.828125
        beamp=8 beamq=17 freq=0 polr=0 dstime=0 I=16.0
        beamp=9 beamq=17 freq=0 polr=0 dstime=0 I=6.828125
        beamp=11 beamq=17 freq=0 polr=0 dstime=0 I=1.171875
        beamp=13 beamq=17 freq=0 polr=0 dstime=0 I=1.171875
        beamp=15 beamq=17 freq=0 polr=0 dstime=0 I=6.828125
        beamp=16 beamq=17 freq=0 polr=0 dstime=0 I=16.0
        beamp=17 beamq=17 freq=0 polr=0 dstime=0 I=6.828125
        beamp=19 beamq=17 freq=0 polr=0 dstime=0 I=1.171875
        beamp=21 beamq=17 freq=0 polr=0 dstime=0 I=1.171875
        beamp=23 beamq=17 freq=0 polr=0 dstime=0 I=6.828125
        beamp=24 beamq=17 freq=0 polr=0 dstime=0 I=16.0
        beamp=25 beamq=17 freq=0 polr=0 dstime=0 I=6.828125
        beamp=27 beamq=17 freq=0 polr=0 dstime=0 I=1.171875
        beamp=29 beamq=17 freq=0 polr=0 dstime=0 I=1.171875
        beamp=31 beamq=17 freq=0 polr=0 dstime=0 I=6.828125
        beamp=32 beamq=17 freq=0 polr=0 dstime=0 I=16.0
        beamp=33 beamq=17 freq=0 polr=0 dstime=0 I=6.828125
        beamp=35 beamq=17 freq=0 polr=0 dstime=0 I=1.171875
        beamp=37 beamq=17 freq=0 polr=0 dstime=0 I=1.171875
        beamp=39 beamq=17 freq=0 polr=0 dstime=0 I=6.828125
        beamp=40 beamq=17 freq=0 polr=0 dstime=0 I=16.0
        beamp=41 beamq=17 freq=0 polr=0 dstime=0 I=6.828125
        beamp=43 beamq=17 freq=0 polr=0 dstime=0 I=1.171875
        beamp=45 beamq=17 freq=0 polr=0 dstime=0 I=1.171875
        beamp=47 beamq=17 freq=0 polr=0 dstime=0 I=6.828125
        beamp=0 beamq=18 freq=0 polr=0 dstime=0 I=16.0
        beamp=1 beamq=18 freq=0 polr=0 dstime=0 I=6.828125
        beamp=3 beamq=18 freq=0 polr=0 dstime=0 I=1.171875
        beamp=5 beamq=18 freq=0 polr=0 dstime=0 I=1.171875
        beamp=7 beamq=18 freq=0 polr=0 dstime=0 I=6.828125
        beamp=8 beamq=18 freq=0 polr=0 dstime=0 I=16.0
        beamp=9 beamq=18 freq=0 polr=0 dstime=0 I=6.828125
        beamp=11 beamq=18 freq=0 polr=0 dstime=0 I=1.171875
        beamp=13 beamq=18 freq=0 polr=0 dstime=0 I=1.171875
        beamp=15 beamq=18 freq=0 polr=0 dstime=0 I=6.828125
        beamp=16 beamq=18 freq=0 polr=0 dstime=0 I=16.0
        beamp=17 beamq=18 freq=0 polr=0 dstime=0 I=6.828125
        beamp=19 beamq=18 freq=0 polr=0 dstime=0 I=1.171875
        beamp=21 beamq=18 freq=0 polr=0 dstime=0 I=1.171875
        beamp=23 beamq=18 freq=0 polr=0 dstime=0 I=6.828125
        beamp=24 beamq=18 freq=0 polr=0 dstime=0 I=16.0
        beamp=25 beamq=18 freq=0 polr=0 dstime=0 I=6.828125
        beamp=27 beamq=18 freq=0 polr=0 dstime=0 I=1.171875
        beamp=29 beamq=18 freq=0 polr=0 dstime=0 I=1.171875
        beamp=31 beamq=18 freq=0 polr=0 dstime=0 I=6.828125
        beamp=32 beamq=18 freq=0 polr=0 dstime=0 I=16.0
        beamp=33 beamq=18 freq=0 polr=0 dstime=0 I=6.828125
        beamp=35 beamq=18 freq=0 polr=0 dstime=0 I=1.171875
        beamp=37 beamq=18 freq=0 polr=0 dstime=0 I=1.171875
        beamp=39 beamq=18 freq=0 polr=0 dstime=0 I=6.828125
        beamp=40 beamq=18 freq=0 polr=0 dstime=0 I=16.0
        beamp=41 beamq=18 freq=0 polr=0 dstime=0 I=6.828125
        beamp=43 beamq=18 freq=0 polr=0 dstime=0 I=1.171875
        beamp=45 beamq=18 freq=0 polr=0 dstime=0 I=1.171875
        beamp=47 beamq=18 freq=0 polr=0 dstime=0 I=6.828125
        beamp=0 beamq=19 freq=0 polr=0 dstime=0 I=16.0
        beamp=1 beamq=19 freq=0 polr=0 dstime=0 I=6.828125
        beamp=3 beamq=19 freq=0 polr=0 dstime=0 I=1.171875
        beamp=5 beamq=19 freq=0 polr=0 dstime=0 I=1.171875
        beamp=7 beamq=19 freq=0 polr=0 dstime=0 I=6.828125
        beamp=8 beamq=19 freq=0 polr=0 dstime=0 I=16.0
        beamp=9 beamq=19 freq=0 polr=0 dstime=0 I=6.828125
        beamp=11 beamq=19 freq=0 polr=0 dstime=0 I=1.171875
        beamp=13 beamq=19 freq=0 polr=0 dstime=0 I=1.171875
        beamp=15 beamq=19 freq=0 polr=0 dstime=0 I=6.828125
        beamp=16 beamq=19 freq=0 polr=0 dstime=0 I=16.0
        beamp=17 beamq=19 freq=0 polr=0 dstime=0 I=6.828125
        beamp=19 beamq=19 freq=0 polr=0 dstime=0 I=1.171875
        beamp=21 beamq=19 freq=0 polr=0 dstime=0 I=1.171875
        beamp=23 beamq=19 freq=0 polr=0 dstime=0 I=6.828125
        beamp=24 beamq=19 freq=0 polr=0 dstime=0 I=16.0
        beamp=25 beamq=19 freq=0 polr=0 dstime=0 I=6.828125
        beamp=27 beamq=19 freq=0 polr=0 dstime=0 I=1.171875
        beamp=29 beamq=19 freq=0 polr=0 dstime=0 I=1.171875
        beamp=31 beamq=19 freq=0 polr=0 dstime=0 I=6.828125
        beamp=32 beamq=19 freq=0 polr=0 dstime=0 I=16.0
        beamp=33 beamq=19 freq=0 polr=0 dstime=0 I=6.828125
        beamp=35 beamq=19 freq=0 polr=0 dstime=0 I=1.171875
        beamp=37 beamq=19 freq=0 polr=0 dstime=0 I=1.171875
        beamp=39 beamq=19 freq=0 polr=0 dstime=0 I=6.828125
        beamp=40 beamq=19 freq=0 polr=0 dstime=0 I=16.0
        beamp=41 beamq=19 freq=0 polr=0 dstime=0 I=6.828125
        beamp=43 beamq=19 freq=0 polr=0 dstime=0 I=1.171875
        beamp=45 beamq=19 freq=0 polr=0 dstime=0 I=1.171875
        beamp=47 beamq=19 freq=0 polr=0 dstime=0 I=6.828125
        beamp=0 beamq=20 freq=0 polr=0 dstime=0 I=16.0
        beamp=1 beamq=20 freq=0 polr=0 dstime=0 I=6.828125
        beamp=3 beamq=20 freq=0 polr=0 dstime=0 I=1.171875
        beamp=5 beamq=20 freq=0 polr=0 dstime=0 I=1.171875
        beamp=7 beamq=20 freq=0 polr=0 dstime=0 I=6.828125
        beamp=8 beamq=20 freq=0 polr=0 dstime=0 I=16.0
        beamp=9 beamq=20 freq=0 polr=0 dstime=0 I=6.828125
        beamp=11 beamq=20 freq=0 polr=0 dstime=0 I=1.171875
        beamp=13 beamq=20 freq=0 polr=0 dstime=0 I=1.171875
        beamp=15 beamq=20 freq=0 polr=0 dstime=0 I=6.828125
        beamp=16 beamq=20 freq=0 polr=0 dstime=0 I=16.0
        beamp=17 beamq=20 freq=0 polr=0 dstime=0 I=6.828125
        beamp=19 beamq=20 freq=0 polr=0 dstime=0 I=1.171875
        beamp=21 beamq=20 freq=0 polr=0 dstime=0 I=1.171875
        beamp=23 beamq=20 freq=0 polr=0 dstime=0 I=6.828125
        beamp=24 beamq=20 freq=0 polr=0 dstime=0 I=16.0
        beamp=25 beamq=20 freq=0 polr=0 dstime=0 I=6.828125
        beamp=27 beamq=20 freq=0 polr=0 dstime=0 I=1.171875
        beamp=29 beamq=20 freq=0 polr=0 dstime=0 I=1.171875
        beamp=31 beamq=20 freq=0 polr=0 dstime=0 I=6.828125
        beamp=32 beamq=20 freq=0 polr=0 dstime=0 I=16.0
        beamp=33 beamq=20 freq=0 polr=0 dstime=0 I=6.828125
        beamp=35 beamq=20 freq=0 polr=0 dstime=0 I=1.171875
        beamp=37 beamq=20 freq=0 polr=0 dstime=0 I=1.171875
        beamp=39 beamq=20 freq=0 polr=0 dstime=0 I=6.828125
        beamp=40 beamq=20 freq=0 polr=0 dstime=0 I=16.0
        beamp=41 beamq=20 freq=0 polr=0 dstime=0 I=6.828125
        beamp=43 beamq=20 freq=0 polr=0 dstime=0 I=1.171875
        beamp=45 beamq=20 freq=0 polr=0 dstime=0 I=1.171875
        beamp=47 beamq=20 freq=0 polr=0 dstime=0 I=6.828125
        beamp=0 beamq=21 freq=0 polr=0 dstime=0 I=16.0
        beamp=1 beamq=21 freq=0 polr=0 dstime=0 I=6.828125
        beamp=3 beamq=21 freq=0 polr=0 dstime=0 I=1.171875
        beamp=5 beamq=21 freq=0 polr=0 dstime=0 I=1.171875
        beamp=7 beamq=21 freq=0 polr=0 dstime=0 I=6.828125
        beamp=8 beamq=21 freq=0 polr=0 dstime=0 I=16.0
        beamp=9 beamq=21 freq=0 polr=0 dstime=0 I=6.828125
        beamp=11 beamq=21 freq=0 polr=0 dstime=0 I=1.171875
        beamp=13 beamq=21 freq=0 polr=0 dstime=0 I=1.171875
        beamp=15 beamq=21 freq=0 polr=0 dstime=0 I=6.828125
        beamp=16 beamq=21 freq=0 polr=0 dstime=0 I=16.0
        beamp=17 beamq=21 freq=0 polr=0 dstime=0 I=6.828125
        beamp=19 beamq=21 freq=0 polr=0 dstime=0 I=1.171875
        beamp=21 beamq=21 freq=0 polr=0 dstime=0 I=1.171875
        beamp=23 beamq=21 freq=0 polr=0 dstime=0 I=6.828125
        beamp=24 beamq=21 freq=0 polr=0 dstime=0 I=16.0
        beamp=25 beamq=21 freq=0 polr=0 dstime=0 I=6.828125
        beamp=27 beamq=21 freq=0 polr=0 dstime=0 I=1.171875
        beamp=29 beamq=21 freq=0 polr=0 dstime=0 I=1.171875
        beamp=31 beamq=21 freq=0 polr=0 dstime=0 I=6.828125
        beamp=32 beamq=21 freq=0 polr=0 dstime=0 I=16.0
        beamp=33 beamq=21 freq=0 polr=0 dstime=0 I=6.828125
        beamp=35 beamq=21 freq=0 polr=0 dstime=0 I=1.171875
        beamp=37 beamq=21 freq=0 polr=0 dstime=0 I=1.171875
        beamp=39 beamq=21 freq=0 polr=0 dstime=0 I=6.828125
        beamp=40 beamq=21 freq=0 polr=0 dstime=0 I=16.0
        beamp=41 beamq=21 freq=0 polr=0 dstime=0 I=6.828125
        beamp=43 beamq=21 freq=0 polr=0 dstime=0 I=1.171875
        beamp=45 beamq=21 freq=0 polr=0 dstime=0 I=1.171875
        beamp=47 beamq=21 freq=0 polr=0 dstime=0 I=6.828125
        beamp=0 beamq=22 freq=0 polr=0 dstime=0 I=16.0
        beamp=1 beamq=22 freq=0 polr=0 dstime=0 I=6.828125
        beamp=3 beamq=22 freq=0 polr=0 dstime=0 I=1.171875
        beamp=5 beamq=22 freq=0 polr=0 dstime=0 I=1.171875
        beamp=7 beamq=22 freq=0 polr=0 dstime=0 I=6.828125
        beamp=8 beamq=22 freq=0 polr=0 dstime=0 I=16.0
        beamp=9 beamq=22 freq=0 polr=0 dstime=0 I=6.828125
        beamp=11 beamq=22 freq=0 polr=0 dstime=0 I=1.171875
        beamp=13 beamq=22 freq=0 polr=0 dstime=0 I=1.171875
        beamp=15 beamq=22 freq=0 polr=0 dstime=0 I=6.828125
        beamp=16 beamq=22 freq=0 polr=0 dstime=0 I=16.0
        beamp=17 beamq=22 freq=0 polr=0 dstime=0 I=6.828125
        beamp=19 beamq=22 freq=0 polr=0 dstime=0 I=1.171875
        beamp=21 beamq=22 freq=0 polr=0 dstime=0 I=1.171875
        beamp=23 beamq=22 freq=0 polr=0 dstime=0 I=6.828125
        beamp=24 beamq=22 freq=0 polr=0 dstime=0 I=16.0
        beamp=25 beamq=22 freq=0 polr=0 dstime=0 I=6.828125
        beamp=27 beamq=22 freq=0 polr=0 dstime=0 I=1.171875
        beamp=29 beamq=22 freq=0 polr=0 dstime=0 I=1.171875
        beamp=31 beamq=22 freq=0 polr=0 dstime=0 I=6.828125
        beamp=32 beamq=22 freq=0 polr=0 dstime=0 I=16.0
        beamp=33 beamq=22 freq=0 polr=0 dstime=0 I=6.828125
        beamp=35 beamq=22 freq=0 polr=0 dstime=0 I=1.171875
        beamp=37 beamq=22 freq=0 polr=0 dstime=0 I=1.171875
        beamp=39 beamq=22 freq=0 polr=0 dstime=0 I=6.828125
        beamp=40 beamq=22 freq=0 polr=0 dstime=0 I=16.0
        beamp=41 beamq=22 freq=0 polr=0 dstime=0 I=6.828125
        beamp=43 beamq=22 freq=0 polr=0 dstime=0 I=1.171875
        beamp=45 beamq=22 freq=0 polr=0 dstime=0 I=1.171875
        beamp=47 beamq=22 freq=0 polr=0 dstime=0 I=6.828125
        beamp=0 beamq=23 freq=0 polr=0 dstime=0 I=16.0
        beamp=1 beamq=23 freq=0 polr=0 dstime=0 I=6.828125
        beamp=3 beamq=23 freq=0 polr=0 dstime=0 I=1.171875
        beamp=5 beamq=23 freq=0 polr=0 dstime=0 I=1.171875
        beamp=7 beamq=23 freq=0 polr=0 dstime=0 I=6.828125
        beamp=8 beamq=23 freq=0 polr=0 dstime=0 I=16.0
        beamp=9 beamq=23 freq=0 polr=0 dstime=0 I=6.828125
        beamp=11 beamq=23 freq=0 polr=0 dstime=0 I=1.171875
        beamp=13 beamq=23 freq=0 polr=0 dstime=0 I=1.171875
        beamp=15 beamq=23 freq=0 polr=0 dstime=0 I=6.828125
        beamp=16 beamq=23 freq=0 polr=0 dstime=0 I=16.0
        beamp=17 beamq=23 freq=0 polr=0 dstime=0 I=6.828125
        beamp=19 beamq=23 freq=0 polr=0 dstime=0 I=1.171875
        beamp=21 beamq=23 freq=0 polr=0 dstime=0 I=1.171875
        beamp=23 beamq=23 freq=0 polr=0 dstime=0 I=6.828125
        beamp=24 beamq=23 freq=0 polr=0 dstime=0 I=16.0
        beamp=25 beamq=23 freq=0 polr=0 dstime=0 I=6.828125
        beamp=27 beamq=23 freq=0 polr=0 dstime=0 I=1.171875
        beamp=29 beamq=23 freq=0 polr=0 dstime=0 I=1.171875
        beamp=31 beamq=23 freq=0 polr=0 dstime=0 I=6.828125
        beamp=32 beamq=23 freq=0 polr=0 dstime=0 I=16.0
        beamp=33 beamq=23 freq=0 polr=0 dstime=0 I=6.828125
        beamp=35 beamq=23 freq=0 polr=0 dstime=0 I=1.171875
        beamp=37 beamq=23 freq=0 polr=0 dstime=0 I=1.171875
        beamp=39 beamq=23 freq=0 polr=0 dstime=0 I=6.828125
        beamp=40 beamq=23 freq=0 polr=0 dstime=0 I=16.0
        beamp=41 beamq=23 freq=0 polr=0 dstime=0 I=6.828125
        beamp=43 beamq=23 freq=0 polr=0 dstime=0 I=1.171875
        beamp=45 beamq=23 freq=0 polr=0 dstime=0 I=1.171875
        beamp=47 beamq=23 freq=0 polr=0 dstime=0 I=6.828125
        beamp=0 beamq=24 freq=0 polr=0 dstime=0 I=16.0
        beamp=1 beamq=24 freq=0 polr=0 dstime=0 I=6.828125
        beamp=3 beamq=24 freq=0 polr=0 dstime=0 I=1.171875
        beamp=5 beamq=24 freq=0 polr=0 dstime=0 I=1.171875
        beamp=7 beamq=24 freq=0 polr=0 dstime=0 I=6.828125
        beamp=8 beamq=24 freq=0 polr=0 dstime=0 I=16.0
        beamp=9 beamq=24 freq=0 polr=0 dstime=0 I=6.828125
        beamp=11 beamq=24 freq=0 polr=0 dstime=0 I=1.171875
        beamp=13 beamq=24 freq=0 polr=0 dstime=0 I=1.171875
        beamp=15 beamq=24 freq=0 polr=0 dstime=0 I=6.828125
        beamp=16 beamq=24 freq=0 polr=0 dstime=0 I=16.0
        beamp=17 beamq=24 freq=0 polr=0 dstime=0 I=6.828125
        beamp=19 beamq=24 freq=0 polr=0 dstime=0 I=1.171875
        beamp=21 beamq=24 freq=0 polr=0 dstime=0 I=1.171875
        beamp=23 beamq=24 freq=0 polr=0 dstime=0 I=6.828125
        beamp=24 beamq=24 freq=0 polr=0 dstime=0 I=16.0
        beamp=25 beamq=24 freq=0 polr=0 dstime=0 I=6.828125
        beamp=27 beamq=24 freq=0 polr=0 dstime=0 I=1.171875
        beamp=29 beamq=24 freq=0 polr=0 dstime=0 I=1.171875
        beamp=31 beamq=24 freq=0 polr=0 dstime=0 I=6.828125
        beamp=32 beamq=24 freq=0 polr=0 dstime=0 I=16.0
        beamp=33 beamq=24 freq=0 polr=0 dstime=0 I=6.828125
        beamp=35 beamq=24 freq=0 polr=0 dstime=0 I=1.171875
        beamp=37 beamq=24 freq=0 polr=0 dstime=0 I=1.171875
        beamp=39 beamq=24 freq=0 polr=0 dstime=0 I=6.828125
        beamp=40 beamq=24 freq=0 polr=0 dstime=0 I=16.0
        beamp=41 beamq=24 freq=0 polr=0 dstime=0 I=6.828125
        beamp=43 beamq=24 freq=0 polr=0 dstime=0 I=1.171875
        beamp=45 beamq=24 freq=0 polr=0 dstime=0 I=1.171875
        beamp=47 beamq=24 freq=0 polr=0 dstime=0 I=6.828125
        beamp=0 beamq=25 freq=0 polr=0 dstime=0 I=16.0
        beamp=1 beamq=25 freq=0 polr=0 dstime=0 I=6.828125
        beamp=3 beamq=25 freq=0 polr=0 dstime=0 I=1.171875
        beamp=5 beamq=25 freq=0 polr=0 dstime=0 I=1.171875
        beamp=7 beamq=25 freq=0 polr=0 dstime=0 I=6.828125
        beamp=8 beamq=25 freq=0 polr=0 dstime=0 I=16.0
        beamp=9 beamq=25 freq=0 polr=0 dstime=0 I=6.828125
        beamp=11 beamq=25 freq=0 polr=0 dstime=0 I=1.171875
        beamp=13 beamq=25 freq=0 polr=0 dstime=0 I=1.171875
        beamp=15 beamq=25 freq=0 polr=0 dstime=0 I=6.828125
        beamp=16 beamq=25 freq=0 polr=0 dstime=0 I=16.0
        beamp=17 beamq=25 freq=0 polr=0 dstime=0 I=6.828125
        beamp=19 beamq=25 freq=0 polr=0 dstime=0 I=1.171875
        beamp=21 beamq=25 freq=0 polr=0 dstime=0 I=1.171875
        beamp=23 beamq=25 freq=0 polr=0 dstime=0 I=6.828125
        beamp=24 beamq=25 freq=0 polr=0 dstime=0 I=16.0
        beamp=25 beamq=25 freq=0 polr=0 dstime=0 I=6.828125
        beamp=27 beamq=25 freq=0 polr=0 dstime=0 I=1.171875
        beamp=29 beamq=25 freq=0 polr=0 dstime=0 I=1.171875
        beamp=31 beamq=25 freq=0 polr=0 dstime=0 I=6.828125
        beamp=32 beamq=25 freq=0 polr=0 dstime=0 I=16.0
        beamp=33 beamq=25 freq=0 polr=0 dstime=0 I=6.828125
        beamp=35 beamq=25 freq=0 polr=0 dstime=0 I=1.171875
        beamp=37 beamq=25 freq=0 polr=0 dstime=0 I=1.171875
        beamp=39 beamq=25 freq=0 polr=0 dstime=0 I=6.828125
        beamp=40 beamq=25 freq=0 polr=0 dstime=0 I=16.0
        beamp=41 beamq=25 freq=0 polr=0 dstime=0 I=6.828125
        beamp=43 beamq=25 freq=0 polr=0 dstime=0 I=1.171875
        beamp=45 beamq=25 freq=0 polr=0 dstime=0 I=1.171875
        beamp=47 beamq=25 freq=0 polr=0 dstime=0 I=6.828125
        beamp=0 beamq=26 freq=0 polr=0 dstime=0 I=16.0
        beamp=1 beamq=26 freq=0 polr=0 dstime=0 I=6.828125
        beamp=3 beamq=26 freq=0 polr=0 dstime=0 I=1.171875
        beamp=5 beamq=26 freq=0 polr=0 dstime=0 I=1.171875
        beamp=7 beamq=26 freq=0 polr=0 dstime=0 I=6.828125
        beamp=8 beamq=26 freq=0 polr=0 dstime=0 I=16.0
        beamp=9 beamq=26 freq=0 polr=0 dstime=0 I=6.828125
        beamp=11 beamq=26 freq=0 polr=0 dstime=0 I=1.171875
        beamp=13 beamq=26 freq=0 polr=0 dstime=0 I=1.171875
        beamp=15 beamq=26 freq=0 polr=0 dstime=0 I=6.828125
        beamp=16 beamq=26 freq=0 polr=0 dstime=0 I=16.0
        beamp=17 beamq=26 freq=0 polr=0 dstime=0 I=6.828125
        beamp=19 beamq=26 freq=0 polr=0 dstime=0 I=1.171875
        beamp=21 beamq=26 freq=0 polr=0 dstime=0 I=1.171875
        beamp=23 beamq=26 freq=0 polr=0 dstime=0 I=6.828125
        beamp=24 beamq=26 freq=0 polr=0 dstime=0 I=16.0
        beamp=25 beamq=26 freq=0 polr=0 dstime=0 I=6.828125
        beamp=27 beamq=26 freq=0 polr=0 dstime=0 I=1.171875
        beamp=29 beamq=26 freq=0 polr=0 dstime=0 I=1.171875
        beamp=31 beamq=26 freq=0 polr=0 dstime=0 I=6.828125
        beamp=32 beamq=26 freq=0 polr=0 dstime=0 I=16.0
        beamp=33 beamq=26 freq=0 polr=0 dstime=0 I=6.828125
        beamp=35 beamq=26 freq=0 polr=0 dstime=0 I=1.171875
        beamp=37 beamq=26 freq=0 polr=0 dstime=0 I=1.171875
        beamp=39 beamq=26 freq=0 polr=0 dstime=0 I=6.828125
        beamp=40 beamq=26 freq=0 polr=0 dstime=0 I=16.0
        beamp=41 beamq=26 freq=0 polr=0 dstime=0 I=6.828125
        beamp=43 beamq=26 freq=0 polr=0 dstime=0 I=1.171875
        beamp=45 beamq=26 freq=0 polr=0 dstime=0 I=1.171875
        beamp=47 beamq=26 freq=0 polr=0 dstime=0 I=6.828125
        beamp=0 beamq=27 freq=0 polr=0 dstime=0 I=16.0
        beamp=1 beamq=27 freq=0 polr=0 dstime=0 I=6.828125
        beamp=3 beamq=27 freq=0 polr=0 dstime=0 I=1.171875
        beamp=5 beamq=27 freq=0 polr=0 dstime=0 I=1.171875
        beamp=7 beamq=27 freq=0 polr=0 dstime=0 I=6.828125
        beamp=8 beamq=27 freq=0 polr=0 dstime=0 I=16.0
        beamp=9 beamq=27 freq=0 polr=0 dstime=0 I=6.828125
        beamp=11 beamq=27 freq=0 polr=0 dstime=0 I=1.171875
        beamp=13 beamq=27 freq=0 polr=0 dstime=0 I=1.171875
        beamp=15 beamq=27 freq=0 polr=0 dstime=0 I=6.828125
        beamp=16 beamq=27 freq=0 polr=0 dstime=0 I=16.0
        beamp=17 beamq=27 freq=0 polr=0 dstime=0 I=6.828125
        beamp=19 beamq=27 freq=0 polr=0 dstime=0 I=1.171875
        beamp=21 beamq=27 freq=0 polr=0 dstime=0 I=1.171875
        beamp=23 beamq=27 freq=0 polr=0 dstime=0 I=6.828125
        beamp=24 beamq=27 freq=0 polr=0 dstime=0 I=16.0
        beamp=25 beamq=27 freq=0 polr=0 dstime=0 I=6.828125
        beamp=27 beamq=27 freq=0 polr=0 dstime=0 I=1.171875
        beamp=29 beamq=27 freq=0 polr=0 dstime=0 I=1.171875
        beamp=31 beamq=27 freq=0 polr=0 dstime=0 I=6.828125
        beamp=32 beamq=27 freq=0 polr=0 dstime=0 I=16.0
        beamp=33 beamq=27 freq=0 polr=0 dstime=0 I=6.828125
        beamp=35 beamq=27 freq=0 polr=0 dstime=0 I=1.171875
        beamp=37 beamq=27 freq=0 polr=0 dstime=0 I=1.171875
        beamp=39 beamq=27 freq=0 polr=0 dstime=0 I=6.828125
        beamp=40 beamq=27 freq=0 polr=0 dstime=0 I=16.0
        beamp=41 beamq=27 freq=0 polr=0 dstime=0 I=6.828125
        beamp=43 beamq=27 freq=0 polr=0 dstime=0 I=1.171875
        beamp=45 beamq=27 freq=0 polr=0 dstime=0 I=1.171875
        beamp=47 beamq=27 freq=0 polr=0 dstime=0 I=6.828125
        beamp=0 beamq=28 freq=0 polr=0 dstime=0 I=16.0
        beamp=1 beamq=28 freq=0 polr=0 dstime=0 I=6.828125
        beamp=3 beamq=28 freq=0 polr=0 dstime=0 I=1.171875
        beamp=5 beamq=28 freq=0 polr=0 dstime=0 I=1.171875
        beamp=7 beamq=28 freq=0 polr=0 dstime=0 I=6.828125
        beamp=8 beamq=28 freq=0 polr=0 dstime=0 I=16.0
        beamp=9 beamq=28 freq=0 polr=0 dstime=0 I=6.828125
        beamp=11 beamq=28 freq=0 polr=0 dstime=0 I=1.171875
        beamp=13 beamq=28 freq=0 polr=0 dstime=0 I=1.171875
        beamp=15 beamq=28 freq=0 polr=0 dstime=0 I=6.828125
        beamp=16 beamq=28 freq=0 polr=0 dstime=0 I=16.0
        beamp=17 beamq=28 freq=0 polr=0 dstime=0 I=6.828125
        beamp=19 beamq=28 freq=0 polr=0 dstime=0 I=1.171875
        beamp=21 beamq=28 freq=0 polr=0 dstime=0 I=1.171875
        beamp=23 beamq=28 freq=0 polr=0 dstime=0 I=6.828125
        beamp=24 beamq=28 freq=0 polr=0 dstime=0 I=16.0
        beamp=25 beamq=28 freq=0 polr=0 dstime=0 I=6.828125
        beamp=27 beamq=28 freq=0 polr=0 dstime=0 I=1.171875
        beamp=29 beamq=28 freq=0 polr=0 dstime=0 I=1.171875
        beamp=31 beamq=28 freq=0 polr=0 dstime=0 I=6.828125
        beamp=32 beamq=28 freq=0 polr=0 dstime=0 I=16.0
        beamp=33 beamq=28 freq=0 polr=0 dstime=0 I=6.828125
        beamp=35 beamq=28 freq=0 polr=0 dstime=0 I=1.171875
        beamp=37 beamq=28 freq=0 polr=0 dstime=0 I=1.171875
        beamp=39 beamq=28 freq=0 polr=0 dstime=0 I=6.828125
        beamp=40 beamq=28 freq=0 polr=0 dstime=0 I=16.0
        beamp=41 beamq=28 freq=0 polr=0 dstime=0 I=6.828125
        beamp=43 beamq=28 freq=0 polr=0 dstime=0 I=1.171875
        beamp=45 beamq=28 freq=0 polr=0 dstime=0 I=1.171875
        beamp=47 beamq=28 freq=0 polr=0 dstime=0 I=6.828125
        beamp=0 beamq=29 freq=0 polr=0 dstime=0 I=16.0
        beamp=1 beamq=29 freq=0 polr=0 dstime=0 I=6.828125
        beamp=3 beamq=29 freq=0 polr=0 dstime=0 I=1.171875
        beamp=5 beamq=29 freq=0 polr=0 dstime=0 I=1.171875
        beamp=7 beamq=29 freq=0 polr=0 dstime=0 I=6.828125
        beamp=8 beamq=29 freq=0 polr=0 dstime=0 I=16.0
        beamp=9 beamq=29 freq=0 polr=0 dstime=0 I=6.828125
        beamp=11 beamq=29 freq=0 polr=0 dstime=0 I=1.171875
        beamp=13 beamq=29 freq=0 polr=0 dstime=0 I=1.171875
        beamp=15 beamq=29 freq=0 polr=0 dstime=0 I=6.828125
        beamp=16 beamq=29 freq=0 polr=0 dstime=0 I=16.0
        beamp=17 beamq=29 freq=0 polr=0 dstime=0 I=6.828125
        beamp=19 beamq=29 freq=0 polr=0 dstime=0 I=1.171875
        beamp=21 beamq=29 freq=0 polr=0 dstime=0 I=1.171875
        beamp=23 beamq=29 freq=0 polr=0 dstime=0 I=6.828125
        beamp=24 beamq=29 freq=0 polr=0 dstime=0 I=16.0
        beamp=25 beamq=29 freq=0 polr=0 dstime=0 I=6.828125
        beamp=27 beamq=29 freq=0 polr=0 dstime=0 I=1.171875
        beamp=29 beamq=29 freq=0 polr=0 dstime=0 I=1.171875
        beamp=31 beamq=29 freq=0 polr=0 dstime=0 I=6.828125
        beamp=32 beamq=29 freq=0 polr=0 dstime=0 I=16.0
        beamp=33 beamq=29 freq=0 polr=0 dstime=0 I=6.828125
        beamp=35 beamq=29 freq=0 polr=0 dstime=0 I=1.171875
        beamp=37 beamq=29 freq=0 polr=0 dstime=0 I=1.171875
        beamp=39 beamq=29 freq=0 polr=0 dstime=0 I=6.828125
        beamp=40 beamq=29 freq=0 polr=0 dstime=0 I=16.0
        beamp=41 beamq=29 freq=0 polr=0 dstime=0 I=6.828125
        beamp=43 beamq=29 freq=0 polr=0 dstime=0 I=1.171875
        beamp=45 beamq=29 freq=0 polr=0 dstime=0 I=1.171875
        beamp=47 beamq=29 freq=0 polr=0 dstime=0 I=6.828125
        beamp=0 beamq=30 freq=0 polr=0 dstime=0 I=16.0
        beamp=1 beamq=30 freq=0 polr=0 dstime=0 I=6.828125
        beamp=3 beamq=30 freq=0 polr=0 dstime=0 I=1.171875
        beamp=5 beamq=30 freq=0 polr=0 dstime=0 I=1.171875
        beamp=7 beamq=30 freq=0 polr=0 dstime=0 I=6.828125
        beamp=8 beamq=30 freq=0 polr=0 dstime=0 I=16.0
        beamp=9 beamq=30 freq=0 polr=0 dstime=0 I=6.828125
        beamp=11 beamq=30 freq=0 polr=0 dstime=0 I=1.171875
        beamp=13 beamq=30 freq=0 polr=0 dstime=0 I=1.171875
        beamp=15 beamq=30 freq=0 polr=0 dstime=0 I=6.828125
        beamp=16 beamq=30 freq=0 polr=0 dstime=0 I=16.0
        beamp=17 beamq=30 freq=0 polr=0 dstime=0 I=6.828125
        beamp=19 beamq=30 freq=0 polr=0 dstime=0 I=1.171875
        beamp=21 beamq=30 freq=0 polr=0 dstime=0 I=1.171875
        beamp=23 beamq=30 freq=0 polr=0 dstime=0 I=6.828125
        beamp=24 beamq=30 freq=0 polr=0 dstime=0 I=16.0
        beamp=25 beamq=30 freq=0 polr=0 dstime=0 I=6.828125
        beamp=27 beamq=30 freq=0 polr=0 dstime=0 I=1.171875
        beamp=29 beamq=30 freq=0 polr=0 dstime=0 I=1.171875
        beamp=31 beamq=30 freq=0 polr=0 dstime=0 I=6.828125
        beamp=32 beamq=30 freq=0 polr=0 dstime=0 I=16.0
        beamp=33 beamq=30 freq=0 polr=0 dstime=0 I=6.828125
        beamp=35 beamq=30 freq=0 polr=0 dstime=0 I=1.171875
        beamp=37 beamq=30 freq=0 polr=0 dstime=0 I=1.171875
        beamp=39 beamq=30 freq=0 polr=0 dstime=0 I=6.828125
        beamp=40 beamq=30 freq=0 polr=0 dstime=0 I=16.0
        beamp=41 beamq=30 freq=0 polr=0 dstime=0 I=6.828125
        beamp=43 beamq=30 freq=0 polr=0 dstime=0 I=1.171875
        beamp=45 beamq=30 freq=0 polr=0 dstime=0 I=1.171875
        beamp=47 beamq=30 freq=0 polr=0 dstime=0 I=6.828125
        beamp=0 beamq=31 freq=0 polr=0 dstime=0 I=16.0
        beamp=1 beamq=31 freq=0 polr=0 dstime=0 I=6.828125
        beamp=3 beamq=31 freq=0 polr=0 dstime=0 I=1.171875
        beamp=5 beamq=31 freq=0 polr=0 dstime=0 I=1.171875
        beamp=7 beamq=31 freq=0 polr=0 dstime=0 I=6.828125
        beamp=8 beamq=31 freq=0 polr=0 dstime=0 I=16.0
        beamp=9 beamq=31 freq=0 polr=0 dstime=0 I=6.828125
        beamp=11 beamq=31 freq=0 polr=0 dstime=0 I=1.171875
        beamp=13 beamq=31 freq=0 polr=0 dstime=0 I=1.171875
        beamp=15 beamq=31 freq=0 polr=0 dstime=0 I=6.828125
        beamp=16 beamq=31 freq=0 polr=0 dstime=0 I=16.0
        beamp=17 beamq=31 freq=0 polr=0 dstime=0 I=6.828125
        beamp=19 beamq=31 freq=0 polr=0 dstime=0 I=1.171875
        beamp=21 beamq=31 freq=0 polr=0 dstime=0 I=1.171875
        beamp=23 beamq=31 freq=0 polr=0 dstime=0 I=6.828125
        beamp=24 beamq=31 freq=0 polr=0 dstime=0 I=16.0
        beamp=25 beamq=31 freq=0 polr=0 dstime=0 I=6.828125
        beamp=27 beamq=31 freq=0 polr=0 dstime=0 I=1.171875
        beamp=29 beamq=31 freq=0 polr=0 dstime=0 I=1.171875
        beamp=31 beamq=31 freq=0 polr=0 dstime=0 I=6.828125
        beamp=32 beamq=31 freq=0 polr=0 dstime=0 I=16.0
        beamp=33 beamq=31 freq=0 polr=0 dstime=0 I=6.828125
        beamp=35 beamq=31 freq=0 polr=0 dstime=0 I=1.171875
        beamp=37 beamq=31 freq=0 polr=0 dstime=0 I=1.171875
        beamp=39 beamq=31 freq=0 polr=0 dstime=0 I=6.828125
        beamp=40 beamq=31 freq=0 polr=0 dstime=0 I=16.0
        beamp=41 beamq=31 freq=0 polr=0 dstime=0 I=6.828125
        beamp=43 beamq=31 freq=0 polr=0 dstime=0 I=1.171875
        beamp=45 beamq=31 freq=0 polr=0 dstime=0 I=1.171875
        beamp=47 beamq=31 freq=0 polr=0 dstime=0 I=6.828125
        beamp=0 beamq=32 freq=0 polr=0 dstime=0 I=16.0
        beamp=1 beamq=32 freq=0 polr=0 dstime=0 I=6.828125
        beamp=3 beamq=32 freq=0 polr=0 dstime=0 I=1.171875
        beamp=5 beamq=32 freq=0 polr=0 dstime=0 I=1.171875
        beamp=7 beamq=32 freq=0 polr=0 dstime=0 I=6.828125
        beamp=8 beamq=32 freq=0 polr=0 dstime=0 I=16.0
        beamp=9 beamq=32 freq=0 polr=0 dstime=0 I=6.828125
        beamp=11 beamq=32 freq=0 polr=0 dstime=0 I=1.171875
        beamp=13 beamq=32 freq=0 polr=0 dstime=0 I=1.171875
        beamp=15 beamq=32 freq=0 polr=0 dstime=0 I=6.828125
        beamp=16 beamq=32 freq=0 polr=0 dstime=0 I=16.0
        beamp=17 beamq=32 freq=0 polr=0 dstime=0 I=6.828125
        beamp=19 beamq=32 freq=0 polr=0 dstime=0 I=1.171875
        beamp=21 beamq=32 freq=0 polr=0 dstime=0 I=1.171875
        beamp=23 beamq=32 freq=0 polr=0 dstime=0 I=6.828125
        beamp=24 beamq=32 freq=0 polr=0 dstime=0 I=16.0
        beamp=25 beamq=32 freq=0 polr=0 dstime=0 I=6.828125
        beamp=27 beamq=32 freq=0 polr=0 dstime=0 I=1.171875
        beamp=29 beamq=32 freq=0 polr=0 dstime=0 I=1.171875
        beamp=31 beamq=32 freq=0 polr=0 dstime=0 I=6.828125
        beamp=32 beamq=32 freq=0 polr=0 dstime=0 I=16.0
        beamp=33 beamq=32 freq=0 polr=0 dstime=0 I=6.828125
        beamp=35 beamq=32 freq=0 polr=0 dstime=0 I=1.171875
        beamp=37 beamq=32 freq=0 polr=0 dstime=0 I=1.171875
        beamp=39 beamq=32 freq=0 polr=0 dstime=0 I=6.828125
        beamp=40 beamq=32 freq=0 polr=0 dstime=0 I=16.0
        beamp=41 beamq=32 freq=0 polr=0 dstime=0 I=6.828125
        beamp=43 beamq=32 freq=0 polr=0 dstime=0 I=1.171875
        beamp=45 beamq=32 freq=0 polr=0 dstime=0 I=1.171875
        beamp=47 beamq=32 freq=0 polr=0 dstime=0 I=6.828125
        beamp=0 beamq=33 freq=0 polr=0 dstime=0 I=16.0
        beamp=1 beamq=33 freq=0 polr=0 dstime=0 I=6.828125
        beamp=3 beamq=33 freq=0 polr=0 dstime=0 I=1.171875
        beamp=5 beamq=33 freq=0 polr=0 dstime=0 I=1.171875
        beamp=7 beamq=33 freq=0 polr=0 dstime=0 I=6.828125
        beamp=8 beamq=33 freq=0 polr=0 dstime=0 I=16.0
        beamp=9 beamq=33 freq=0 polr=0 dstime=0 I=6.828125
        beamp=11 beamq=33 freq=0 polr=0 dstime=0 I=1.171875
        beamp=13 beamq=33 freq=0 polr=0 dstime=0 I=1.171875
        beamp=15 beamq=33 freq=0 polr=0 dstime=0 I=6.828125
        beamp=16 beamq=33 freq=0 polr=0 dstime=0 I=16.0
        beamp=17 beamq=33 freq=0 polr=0 dstime=0 I=6.828125
        beamp=19 beamq=33 freq=0 polr=0 dstime=0 I=1.171875
        beamp=21 beamq=33 freq=0 polr=0 dstime=0 I=1.171875
        beamp=23 beamq=33 freq=0 polr=0 dstime=0 I=6.828125
        beamp=24 beamq=33 freq=0 polr=0 dstime=0 I=16.0
        beamp=25 beamq=33 freq=0 polr=0 dstime=0 I=6.828125
        beamp=27 beamq=33 freq=0 polr=0 dstime=0 I=1.171875
        beamp=29 beamq=33 freq=0 polr=0 dstime=0 I=1.171875
        beamp=31 beamq=33 freq=0 polr=0 dstime=0 I=6.828125
        beamp=32 beamq=33 freq=0 polr=0 dstime=0 I=16.0
        beamp=33 beamq=33 freq=0 polr=0 dstime=0 I=6.828125
        beamp=35 beamq=33 freq=0 polr=0 dstime=0 I=1.171875
        beamp=37 beamq=33 freq=0 polr=0 dstime=0 I=1.171875
        beamp=39 beamq=33 freq=0 polr=0 dstime=0 I=6.828125
        beamp=40 beamq=33 freq=0 polr=0 dstime=0 I=16.0
        beamp=41 beamq=33 freq=0 polr=0 dstime=0 I=6.828125
        beamp=43 beamq=33 freq=0 polr=0 dstime=0 I=1.171875
        beamp=45 beamq=33 freq=0 polr=0 dstime=0 I=1.171875
        beamp=47 beamq=33 freq=0 polr=0 dstime=0 I=6.828125
        beamp=0 beamq=34 freq=0 polr=0 dstime=0 I=16.0
        beamp=1 beamq=34 freq=0 polr=0 dstime=0 I=6.828125
        beamp=3 beamq=34 freq=0 polr=0 dstime=0 I=1.171875
        beamp=5 beamq=34 freq=0 polr=0 dstime=0 I=1.171875
        beamp=7 beamq=34 freq=0 polr=0 dstime=0 I=6.828125
        beamp=8 beamq=34 freq=0 polr=0 dstime=0 I=16.0
        beamp=9 beamq=34 freq=0 polr=0 dstime=0 I=6.828125
        beamp=11 beamq=34 freq=0 polr=0 dstime=0 I=1.171875
        beamp=13 beamq=34 freq=0 polr=0 dstime=0 I=1.171875
        beamp=15 beamq=34 freq=0 polr=0 dstime=0 I=6.828125
        beamp=16 beamq=34 freq=0 polr=0 dstime=0 I=16.0
        beamp=17 beamq=34 freq=0 polr=0 dstime=0 I=6.828125
        beamp=19 beamq=34 freq=0 polr=0 dstime=0 I=1.171875
        beamp=21 beamq=34 freq=0 polr=0 dstime=0 I=1.171875
        beamp=23 beamq=34 freq=0 polr=0 dstime=0 I=6.828125
        beamp=24 beamq=34 freq=0 polr=0 dstime=0 I=16.0
        beamp=25 beamq=34 freq=0 polr=0 dstime=0 I=6.828125
        beamp=27 beamq=34 freq=0 polr=0 dstime=0 I=1.171875
        beamp=29 beamq=34 freq=0 polr=0 dstime=0 I=1.171875
        beamp=31 beamq=34 freq=0 polr=0 dstime=0 I=6.828125
        beamp=32 beamq=34 freq=0 polr=0 dstime=0 I=16.0
        beamp=33 beamq=34 freq=0 polr=0 dstime=0 I=6.828125
        beamp=35 beamq=34 freq=0 polr=0 dstime=0 I=1.171875
        beamp=37 beamq=34 freq=0 polr=0 dstime=0 I=1.171875
        beamp=39 beamq=34 freq=0 polr=0 dstime=0 I=6.828125
        beamp=40 beamq=34 freq=0 polr=0 dstime=0 I=16.0
        beamp=41 beamq=34 freq=0 polr=0 dstime=0 I=6.828125
        beamp=43 beamq=34 freq=0 polr=0 dstime=0 I=1.171875
        beamp=45 beamq=34 freq=0 polr=0 dstime=0 I=1.171875
        beamp=47 beamq=34 freq=0 polr=0 dstime=0 I=6.828125
        beamp=0 beamq=35 freq=0 polr=0 dstime=0 I=16.0
        beamp=1 beamq=35 freq=0 polr=0 dstime=0 I=6.828125
        beamp=3 beamq=35 freq=0 polr=0 dstime=0 I=1.171875
        beamp=5 beamq=35 freq=0 polr=0 dstime=0 I=1.171875
        beamp=7 beamq=35 freq=0 polr=0 dstime=0 I=6.828125
        beamp=8 beamq=35 freq=0 polr=0 dstime=0 I=16.0
        beamp=9 beamq=35 freq=0 polr=0 dstime=0 I=6.828125
        beamp=11 beamq=35 freq=0 polr=0 dstime=0 I=1.171875
        beamp=13 beamq=35 freq=0 polr=0 dstime=0 I=1.171875
        beamp=15 beamq=35 freq=0 polr=0 dstime=0 I=6.828125
        beamp=16 beamq=35 freq=0 polr=0 dstime=0 I=16.0
        beamp=17 beamq=35 freq=0 polr=0 dstime=0 I=6.828125
        beamp=19 beamq=35 freq=0 polr=0 dstime=0 I=1.171875
        beamp=21 beamq=35 freq=0 polr=0 dstime=0 I=1.171875
        beamp=23 beamq=35 freq=0 polr=0 dstime=0 I=6.828125
        beamp=24 beamq=35 freq=0 polr=0 dstime=0 I=16.0
        beamp=25 beamq=35 freq=0 polr=0 dstime=0 I=6.828125
        beamp=27 beamq=35 freq=0 polr=0 dstime=0 I=1.171875
        beamp=29 beamq=35 freq=0 polr=0 dstime=0 I=1.171875
        beamp=31 beamq=35 freq=0 polr=0 dstime=0 I=6.828125
        beamp=32 beamq=35 freq=0 polr=0 dstime=0 I=16.0
        beamp=33 beamq=35 freq=0 polr=0 dstime=0 I=6.828125
        beamp=35 beamq=35 freq=0 polr=0 dstime=0 I=1.171875
        beamp=37 beamq=35 freq=0 polr=0 dstime=0 I=1.171875
        beamp=39 beamq=35 freq=0 polr=0 dstime=0 I=6.828125
        beamp=40 beamq=35 freq=0 polr=0 dstime=0 I=16.0
        beamp=41 beamq=35 freq=0 polr=0 dstime=0 I=6.828125
        beamp=43 beamq=35 freq=0 polr=0 dstime=0 I=1.171875
        beamp=45 beamq=35 freq=0 polr=0 dstime=0 I=1.171875
        beamp=47 beamq=35 freq=0 polr=0 dstime=0 I=6.828125
        beamp=0 beamq=36 freq=0 polr=0 dstime=0 I=16.0
        beamp=1 beamq=36 freq=0 polr=0 dstime=0 I=6.828125
        beamp=3 beamq=36 freq=0 polr=0 dstime=0 I=1.171875
        beamp=5 beamq=36 freq=0 polr=0 dstime=0 I=1.171875
        beamp=7 beamq=36 freq=0 polr=0 dstime=0 I=6.828125
        beamp=8 beamq=36 freq=0 polr=0 dstime=0 I=16.0
        beamp=9 beamq=36 freq=0 polr=0 dstime=0 I=6.828125
        beamp=11 beamq=36 freq=0 polr=0 dstime=0 I=1.171875
        beamp=13 beamq=36 freq=0 polr=0 dstime=0 I=1.171875
        beamp=15 beamq=36 freq=0 polr=0 dstime=0 I=6.828125
        beamp=16 beamq=36 freq=0 polr=0 dstime=0 I=16.0
        beamp=17 beamq=36 freq=0 polr=0 dstime=0 I=6.828125
        beamp=19 beamq=36 freq=0 polr=0 dstime=0 I=1.171875
        beamp=21 beamq=36 freq=0 polr=0 dstime=0 I=1.171875
        beamp=23 beamq=36 freq=0 polr=0 dstime=0 I=6.828125
        beamp=24 beamq=36 freq=0 polr=0 dstime=0 I=16.0
        beamp=25 beamq=36 freq=0 polr=0 dstime=0 I=6.828125
        beamp=27 beamq=36 freq=0 polr=0 dstime=0 I=1.171875
        beamp=29 beamq=36 freq=0 polr=0 dstime=0 I=1.171875
        beamp=31 beamq=36 freq=0 polr=0 dstime=0 I=6.828125
        beamp=32 beamq=36 freq=0 polr=0 dstime=0 I=16.0
        beamp=33 beamq=36 freq=0 polr=0 dstime=0 I=6.828125
        beamp=35 beamq=36 freq=0 polr=0 dstime=0 I=1.171875
        beamp=37 beamq=36 freq=0 polr=0 dstime=0 I=1.171875
        beamp=39 beamq=36 freq=0 polr=0 dstime=0 I=6.828125
        beamp=40 beamq=36 freq=0 polr=0 dstime=0 I=16.0
        beamp=41 beamq=36 freq=0 polr=0 dstime=0 I=6.828125
        beamp=43 beamq=36 freq=0 polr=0 dstime=0 I=1.171875
        beamp=45 beamq=36 freq=0 polr=0 dstime=0 I=1.171875
        beamp=47 beamq=36 freq=0 polr=0 dstime=0 I=6.828125
        beamp=0 beamq=37 freq=0 polr=0 dstime=0 I=16.0
        beamp=1 beamq=37 freq=0 polr=0 dstime=0 I=6.828125
        beamp=3 beamq=37 freq=0 polr=0 dstime=0 I=1.171875
        beamp=5 beamq=37 freq=0 polr=0 dstime=0 I=1.171875
        beamp=7 beamq=37 freq=0 polr=0 dstime=0 I=6.828125
        beamp=8 beamq=37 freq=0 polr=0 dstime=0 I=16.0
        beamp=9 beamq=37 freq=0 polr=0 dstime=0 I=6.828125
        beamp=11 beamq=37 freq=0 polr=0 dstime=0 I=1.171875
        beamp=13 beamq=37 freq=0 polr=0 dstime=0 I=1.171875
        beamp=15 beamq=37 freq=0 polr=0 dstime=0 I=6.828125
        beamp=16 beamq=37 freq=0 polr=0 dstime=0 I=16.0
        beamp=17 beamq=37 freq=0 polr=0 dstime=0 I=6.828125
        beamp=19 beamq=37 freq=0 polr=0 dstime=0 I=1.171875
        beamp=21 beamq=37 freq=0 polr=0 dstime=0 I=1.171875
        beamp=23 beamq=37 freq=0 polr=0 dstime=0 I=6.828125
        beamp=24 beamq=37 freq=0 polr=0 dstime=0 I=16.0
        beamp=25 beamq=37 freq=0 polr=0 dstime=0 I=6.828125
        beamp=27 beamq=37 freq=0 polr=0 dstime=0 I=1.171875
        beamp=29 beamq=37 freq=0 polr=0 dstime=0 I=1.171875
        beamp=31 beamq=37 freq=0 polr=0 dstime=0 I=6.828125
        beamp=32 beamq=37 freq=0 polr=0 dstime=0 I=16.0
        beamp=33 beamq=37 freq=0 polr=0 dstime=0 I=6.828125
        beamp=35 beamq=37 freq=0 polr=0 dstime=0 I=1.171875
        beamp=37 beamq=37 freq=0 polr=0 dstime=0 I=1.171875
        beamp=39 beamq=37 freq=0 polr=0 dstime=0 I=6.828125
        beamp=40 beamq=37 freq=0 polr=0 dstime=0 I=16.0
        beamp=41 beamq=37 freq=0 polr=0 dstime=0 I=6.828125
        beamp=43 beamq=37 freq=0 polr=0 dstime=0 I=1.171875
        beamp=45 beamq=37 freq=0 polr=0 dstime=0 I=1.171875
        beamp=47 beamq=37 freq=0 polr=0 dstime=0 I=6.828125
        beamp=0 beamq=38 freq=0 polr=0 dstime=0 I=16.0
        beamp=1 beamq=38 freq=0 polr=0 dstime=0 I=6.828125
        beamp=3 beamq=38 freq=0 polr=0 dstime=0 I=1.171875
        beamp=5 beamq=38 freq=0 polr=0 dstime=0 I=1.171875
        beamp=7 beamq=38 freq=0 polr=0 dstime=0 I=6.828125
        beamp=8 beamq=38 freq=0 polr=0 dstime=0 I=16.0
        beamp=9 beamq=38 freq=0 polr=0 dstime=0 I=6.828125
        beamp=11 beamq=38 freq=0 polr=0 dstime=0 I=1.171875
        beamp=13 beamq=38 freq=0 polr=0 dstime=0 I=1.171875
        beamp=15 beamq=38 freq=0 polr=0 dstime=0 I=6.828125
        beamp=16 beamq=38 freq=0 polr=0 dstime=0 I=16.0
        beamp=17 beamq=38 freq=0 polr=0 dstime=0 I=6.828125
        beamp=19 beamq=38 freq=0 polr=0 dstime=0 I=1.171875
        beamp=21 beamq=38 freq=0 polr=0 dstime=0 I=1.171875
        beamp=23 beamq=38 freq=0 polr=0 dstime=0 I=6.828125
        beamp=24 beamq=38 freq=0 polr=0 dstime=0 I=16.0
        beamp=25 beamq=38 freq=0 polr=0 dstime=0 I=6.828125
        beamp=27 beamq=38 freq=0 polr=0 dstime=0 I=1.171875
        beamp=29 beamq=38 freq=0 polr=0 dstime=0 I=1.171875
        beamp=31 beamq=38 freq=0 polr=0 dstime=0 I=6.828125
        beamp=32 beamq=38 freq=0 polr=0 dstime=0 I=16.0
        beamp=33 beamq=38 freq=0 polr=0 dstime=0 I=6.828125
        beamp=35 beamq=38 freq=0 polr=0 dstime=0 I=1.171875
        beamp=37 beamq=38 freq=0 polr=0 dstime=0 I=1.171875
        beamp=39 beamq=38 freq=0 polr=0 dstime=0 I=6.828125
        beamp=40 beamq=38 freq=0 polr=0 dstime=0 I=16.0
        beamp=41 beamq=38 freq=0 polr=0 dstime=0 I=6.828125
        beamp=43 beamq=38 freq=0 polr=0 dstime=0 I=1.171875
        beamp=45 beamq=38 freq=0 polr=0 dstime=0 I=1.171875
        beamp=47 beamq=38 freq=0 polr=0 dstime=0 I=6.828125
        beamp=0 beamq=39 freq=0 polr=0 dstime=0 I=16.0
        beamp=1 beamq=39 freq=0 polr=0 dstime=0 I=6.828125
        beamp=3 beamq=39 freq=0 polr=0 dstime=0 I=1.171875
        beamp=5 beamq=39 freq=0 polr=0 dstime=0 I=1.171875
        beamp=7 beamq=39 freq=0 polr=0 dstime=0 I=6.828125
        beamp=8 beamq=39 freq=0 polr=0 dstime=0 I=16.0
        beamp=9 beamq=39 freq=0 polr=0 dstime=0 I=6.828125
        beamp=11 beamq=39 freq=0 polr=0 dstime=0 I=1.171875
        beamp=13 beamq=39 freq=0 polr=0 dstime=0 I=1.171875
        beamp=15 beamq=39 freq=0 polr=0 dstime=0 I=6.828125
        beamp=16 beamq=39 freq=0 polr=0 dstime=0 I=16.0
        beamp=17 beamq=39 freq=0 polr=0 dstime=0 I=6.828125
        beamp=19 beamq=39 freq=0 polr=0 dstime=0 I=1.171875
        beamp=21 beamq=39 freq=0 polr=0 dstime=0 I=1.171875
        beamp=23 beamq=39 freq=0 polr=0 dstime=0 I=6.828125
        beamp=24 beamq=39 freq=0 polr=0 dstime=0 I=16.0
        beamp=25 beamq=39 freq=0 polr=0 dstime=0 I=6.828125
        beamp=27 beamq=39 freq=0 polr=0 dstime=0 I=1.171875
        beamp=29 beamq=39 freq=0 polr=0 dstime=0 I=1.171875
        beamp=31 beamq=39 freq=0 polr=0 dstime=0 I=6.828125
        beamp=32 beamq=39 freq=0 polr=0 dstime=0 I=16.0
        beamp=33 beamq=39 freq=0 polr=0 dstime=0 I=6.828125
        beamp=35 beamq=39 freq=0 polr=0 dstime=0 I=1.171875
        beamp=37 beamq=39 freq=0 polr=0 dstime=0 I=1.171875
        beamp=39 beamq=39 freq=0 polr=0 dstime=0 I=6.828125
        beamp=40 beamq=39 freq=0 polr=0 dstime=0 I=16.0
        beamp=41 beamq=39 freq=0 polr=0 dstime=0 I=6.828125
        beamp=43 beamq=39 freq=0 polr=0 dstime=0 I=1.171875
        beamp=45 beamq=39 freq=0 polr=0 dstime=0 I=1.171875
        beamp=47 beamq=39 freq=0 polr=0 dstime=0 I=6.828125
        beamp=0 beamq=40 freq=0 polr=0 dstime=0 I=16.0
        beamp=1 beamq=40 freq=0 polr=0 dstime=0 I=6.828125
        beamp=3 beamq=40 freq=0 polr=0 dstime=0 I=1.171875
        beamp=5 beamq=40 freq=0 polr=0 dstime=0 I=1.171875
        beamp=7 beamq=40 freq=0 polr=0 dstime=0 I=6.828125
        beamp=8 beamq=40 freq=0 polr=0 dstime=0 I=16.0
        beamp=9 beamq=40 freq=0 polr=0 dstime=0 I=6.828125
        beamp=11 beamq=40 freq=0 polr=0 dstime=0 I=1.171875
        beamp=13 beamq=40 freq=0 polr=0 dstime=0 I=1.171875
        beamp=15 beamq=40 freq=0 polr=0 dstime=0 I=6.828125
        beamp=16 beamq=40 freq=0 polr=0 dstime=0 I=16.0
        beamp=17 beamq=40 freq=0 polr=0 dstime=0 I=6.828125
        beamp=19 beamq=40 freq=0 polr=0 dstime=0 I=1.171875
        beamp=21 beamq=40 freq=0 polr=0 dstime=0 I=1.171875
        beamp=23 beamq=40 freq=0 polr=0 dstime=0 I=6.828125
        beamp=24 beamq=40 freq=0 polr=0 dstime=0 I=16.0
        beamp=25 beamq=40 freq=0 polr=0 dstime=0 I=6.828125
        beamp=27 beamq=40 freq=0 polr=0 dstime=0 I=1.171875
        beamp=29 beamq=40 freq=0 polr=0 dstime=0 I=1.171875
        beamp=31 beamq=40 freq=0 polr=0 dstime=0 I=6.828125
        beamp=32 beamq=40 freq=0 polr=0 dstime=0 I=16.0
        beamp=33 beamq=40 freq=0 polr=0 dstime=0 I=6.828125
        beamp=35 beamq=40 freq=0 polr=0 dstime=0 I=1.171875
        beamp=37 beamq=40 freq=0 polr=0 dstime=0 I=1.171875
        beamp=39 beamq=40 freq=0 polr=0 dstime=0 I=6.828125
        beamp=40 beamq=40 freq=0 polr=0 dstime=0 I=16.0
        beamp=41 beamq=40 freq=0 polr=0 dstime=0 I=6.828125
        beamp=43 beamq=40 freq=0 polr=0 dstime=0 I=1.171875
        beamp=45 beamq=40 freq=0 polr=0 dstime=0 I=1.171875
        beamp=47 beamq=40 freq=0 polr=0 dstime=0 I=6.828125
        beamp=0 beamq=41 freq=0 polr=0 dstime=0 I=16.0
        beamp=1 beamq=41 freq=0 polr=0 dstime=0 I=6.828125
        beamp=3 beamq=41 freq=0 polr=0 dstime=0 I=1.171875
        beamp=5 beamq=41 freq=0 polr=0 dstime=0 I=1.171875
        beamp=7 beamq=41 freq=0 polr=0 dstime=0 I=6.828125
        beamp=8 beamq=41 freq=0 polr=0 dstime=0 I=16.0
        beamp=9 beamq=41 freq=0 polr=0 dstime=0 I=6.828125
        beamp=11 beamq=41 freq=0 polr=0 dstime=0 I=1.171875
        beamp=13 beamq=41 freq=0 polr=0 dstime=0 I=1.171875
        beamp=15 beamq=41 freq=0 polr=0 dstime=0 I=6.828125
        beamp=16 beamq=41 freq=0 polr=0 dstime=0 I=16.0
        beamp=17 beamq=41 freq=0 polr=0 dstime=0 I=6.828125
        beamp=19 beamq=41 freq=0 polr=0 dstime=0 I=1.171875
        beamp=21 beamq=41 freq=0 polr=0 dstime=0 I=1.171875
        beamp=23 beamq=41 freq=0 polr=0 dstime=0 I=6.828125
        beamp=24 beamq=41 freq=0 polr=0 dstime=0 I=16.0
        beamp=25 beamq=41 freq=0 polr=0 dstime=0 I=6.828125
        beamp=27 beamq=41 freq=0 polr=0 dstime=0 I=1.171875
        beamp=29 beamq=41 freq=0 polr=0 dstime=0 I=1.171875
        beamp=31 beamq=41 freq=0 polr=0 dstime=0 I=6.828125
        beamp=32 beamq=41 freq=0 polr=0 dstime=0 I=16.0
        beamp=33 beamq=41 freq=0 polr=0 dstime=0 I=6.828125
        beamp=35 beamq=41 freq=0 polr=0 dstime=0 I=1.171875
        beamp=37 beamq=41 freq=0 polr=0 dstime=0 I=1.171875
        beamp=39 beamq=41 freq=0 polr=0 dstime=0 I=6.828125
        beamp=40 beamq=41 freq=0 polr=0 dstime=0 I=16.0
        beamp=41 beamq=41 freq=0 polr=0 dstime=0 I=6.828125
        beamp=43 beamq=41 freq=0 polr=0 dstime=0 I=1.171875
        beamp=45 beamq=41 freq=0 polr=0 dstime=0 I=1.171875
        beamp=47 beamq=41 freq=0 polr=0 dstime=0 I=6.828125
        beamp=0 beamq=42 freq=0 polr=0 dstime=0 I=16.0
        beamp=1 beamq=42 freq=0 polr=0 dstime=0 I=6.828125
        beamp=3 beamq=42 freq=0 polr=0 dstime=0 I=1.171875
        beamp=5 beamq=42 freq=0 polr=0 dstime=0 I=1.171875
        beamp=7 beamq=42 freq=0 polr=0 dstime=0 I=6.828125
        beamp=8 beamq=42 freq=0 polr=0 dstime=0 I=16.0
        beamp=9 beamq=42 freq=0 polr=0 dstime=0 I=6.828125
        beamp=11 beamq=42 freq=0 polr=0 dstime=0 I=1.171875
        beamp=13 beamq=42 freq=0 polr=0 dstime=0 I=1.171875
        beamp=15 beamq=42 freq=0 polr=0 dstime=0 I=6.828125
        beamp=16 beamq=42 freq=0 polr=0 dstime=0 I=16.0
        beamp=17 beamq=42 freq=0 polr=0 dstime=0 I=6.828125
        beamp=19 beamq=42 freq=0 polr=0 dstime=0 I=1.171875
        beamp=21 beamq=42 freq=0 polr=0 dstime=0 I=1.171875
        beamp=23 beamq=42 freq=0 polr=0 dstime=0 I=6.828125
        beamp=24 beamq=42 freq=0 polr=0 dstime=0 I=16.0
        beamp=25 beamq=42 freq=0 polr=0 dstime=0 I=6.828125
        beamp=27 beamq=42 freq=0 polr=0 dstime=0 I=1.171875
        beamp=29 beamq=42 freq=0 polr=0 dstime=0 I=1.171875
        beamp=31 beamq=42 freq=0 polr=0 dstime=0 I=6.828125
        beamp=32 beamq=42 freq=0 polr=0 dstime=0 I=16.0
        beamp=33 beamq=42 freq=0 polr=0 dstime=0 I=6.828125
        beamp=35 beamq=42 freq=0 polr=0 dstime=0 I=1.171875
        beamp=37 beamq=42 freq=0 polr=0 dstime=0 I=1.171875
        beamp=39 beamq=42 freq=0 polr=0 dstime=0 I=6.828125
        beamp=40 beamq=42 freq=0 polr=0 dstime=0 I=16.0
        beamp=41 beamq=42 freq=0 polr=0 dstime=0 I=6.828125
        beamp=43 beamq=42 freq=0 polr=0 dstime=0 I=1.171875
        beamp=45 beamq=42 freq=0 polr=0 dstime=0 I=1.171875
        beamp=47 beamq=42 freq=0 polr=0 dstime=0 I=6.828125
        beamp=0 beamq=43 freq=0 polr=0 dstime=0 I=16.0
        beamp=1 beamq=43 freq=0 polr=0 dstime=0 I=6.828125
        beamp=3 beamq=43 freq=0 polr=0 dstime=0 I=1.171875
        beamp=5 beamq=43 freq=0 polr=0 dstime=0 I=1.171875
        beamp=7 beamq=43 freq=0 polr=0 dstime=0 I=6.828125
        beamp=8 beamq=43 freq=0 polr=0 dstime=0 I=16.0
        beamp=9 beamq=43 freq=0 polr=0 dstime=0 I=6.828125
        beamp=11 beamq=43 freq=0 polr=0 dstime=0 I=1.171875
        beamp=13 beamq=43 freq=0 polr=0 dstime=0 I=1.171875
        beamp=15 beamq=43 freq=0 polr=0 dstime=0 I=6.828125
        beamp=16 beamq=43 freq=0 polr=0 dstime=0 I=16.0
        beamp=17 beamq=43 freq=0 polr=0 dstime=0 I=6.828125
        beamp=19 beamq=43 freq=0 polr=0 dstime=0 I=1.171875
        beamp=21 beamq=43 freq=0 polr=0 dstime=0 I=1.171875
        beamp=23 beamq=43 freq=0 polr=0 dstime=0 I=6.828125
        beamp=24 beamq=43 freq=0 polr=0 dstime=0 I=16.0
        beamp=25 beamq=43 freq=0 polr=0 dstime=0 I=6.828125
        beamp=27 beamq=43 freq=0 polr=0 dstime=0 I=1.171875
        beamp=29 beamq=43 freq=0 polr=0 dstime=0 I=1.171875
        beamp=31 beamq=43 freq=0 polr=0 dstime=0 I=6.828125
        beamp=32 beamq=43 freq=0 polr=0 dstime=0 I=16.0
        beamp=33 beamq=43 freq=0 polr=0 dstime=0 I=6.828125
        beamp=35 beamq=43 freq=0 polr=0 dstime=0 I=1.171875
        beamp=37 beamq=43 freq=0 polr=0 dstime=0 I=1.171875
        beamp=39 beamq=43 freq=0 polr=0 dstime=0 I=6.828125
        beamp=40 beamq=43 freq=0 polr=0 dstime=0 I=16.0
        beamp=41 beamq=43 freq=0 polr=0 dstime=0 I=6.828125
        beamp=43 beamq=43 freq=0 polr=0 dstime=0 I=1.171875
        beamp=45 beamq=43 freq=0 polr=0 dstime=0 I=1.171875
        beamp=47 beamq=43 freq=0 polr=0 dstime=0 I=6.828125
        beamp=0 beamq=44 freq=0 polr=0 dstime=0 I=16.0
        beamp=1 beamq=44 freq=0 polr=0 dstime=0 I=6.828125
        beamp=3 beamq=44 freq=0 polr=0 dstime=0 I=1.171875
        beamp=5 beamq=44 freq=0 polr=0 dstime=0 I=1.171875
        beamp=7 beamq=44 freq=0 polr=0 dstime=0 I=6.828125
        beamp=8 beamq=44 freq=0 polr=0 dstime=0 I=16.0
        beamp=9 beamq=44 freq=0 polr=0 dstime=0 I=6.828125
        beamp=11 beamq=44 freq=0 polr=0 dstime=0 I=1.171875
        beamp=13 beamq=44 freq=0 polr=0 dstime=0 I=1.171875
        beamp=15 beamq=44 freq=0 polr=0 dstime=0 I=6.828125
        beamp=16 beamq=44 freq=0 polr=0 dstime=0 I=16.0
        beamp=17 beamq=44 freq=0 polr=0 dstime=0 I=6.828125
        beamp=19 beamq=44 freq=0 polr=0 dstime=0 I=1.171875
        beamp=21 beamq=44 freq=0 polr=0 dstime=0 I=1.171875
        beamp=23 beamq=44 freq=0 polr=0 dstime=0 I=6.828125
        beamp=24 beamq=44 freq=0 polr=0 dstime=0 I=16.0
        beamp=25 beamq=44 freq=0 polr=0 dstime=0 I=6.828125
        beamp=27 beamq=44 freq=0 polr=0 dstime=0 I=1.171875
        beamp=29 beamq=44 freq=0 polr=0 dstime=0 I=1.171875
        beamp=31 beamq=44 freq=0 polr=0 dstime=0 I=6.828125
        beamp=32 beamq=44 freq=0 polr=0 dstime=0 I=16.0
        beamp=33 beamq=44 freq=0 polr=0 dstime=0 I=6.828125
        beamp=35 beamq=44 freq=0 polr=0 dstime=0 I=1.171875
        beamp=37 beamq=44 freq=0 polr=0 dstime=0 I=1.171875
        beamp=39 beamq=44 freq=0 polr=0 dstime=0 I=6.828125
        beamp=40 beamq=44 freq=0 polr=0 dstime=0 I=16.0
        beamp=41 beamq=44 freq=0 polr=0 dstime=0 I=6.828125
        beamp=43 beamq=44 freq=0 polr=0 dstime=0 I=1.171875
        beamp=45 beamq=44 freq=0 polr=0 dstime=0 I=1.171875
        beamp=47 beamq=44 freq=0 polr=0 dstime=0 I=6.828125
        beamp=0 beamq=45 freq=0 polr=0 dstime=0 I=16.0
        beamp=1 beamq=45 freq=0 polr=0 dstime=0 I=6.828125
        beamp=3 beamq=45 freq=0 polr=0 dstime=0 I=1.171875
        beamp=5 beamq=45 freq=0 polr=0 dstime=0 I=1.171875
        beamp=7 beamq=45 freq=0 polr=0 dstime=0 I=6.828125
        beamp=8 beamq=45 freq=0 polr=0 dstime=0 I=16.0
        beamp=9 beamq=45 freq=0 polr=0 dstime=0 I=6.828125
        beamp=11 beamq=45 freq=0 polr=0 dstime=0 I=1.171875
        beamp=13 beamq=45 freq=0 polr=0 dstime=0 I=1.171875
        beamp=15 beamq=45 freq=0 polr=0 dstime=0 I=6.828125
        beamp=16 beamq=45 freq=0 polr=0 dstime=0 I=16.0
        beamp=17 beamq=45 freq=0 polr=0 dstime=0 I=6.828125
        beamp=19 beamq=45 freq=0 polr=0 dstime=0 I=1.171875
        beamp=21 beamq=45 freq=0 polr=0 dstime=0 I=1.171875
        beamp=23 beamq=45 freq=0 polr=0 dstime=0 I=6.828125
        beamp=24 beamq=45 freq=0 polr=0 dstime=0 I=16.0
        beamp=25 beamq=45 freq=0 polr=0 dstime=0 I=6.828125
        beamp=27 beamq=45 freq=0 polr=0 dstime=0 I=1.171875
        beamp=29 beamq=45 freq=0 polr=0 dstime=0 I=1.171875
        beamp=31 beamq=45 freq=0 polr=0 dstime=0 I=6.828125
        beamp=32 beamq=45 freq=0 polr=0 dstime=0 I=16.0
        beamp=33 beamq=45 freq=0 polr=0 dstime=0 I=6.828125
        beamp=35 beamq=45 freq=0 polr=0 dstime=0 I=1.171875
        beamp=37 beamq=45 freq=0 polr=0 dstime=0 I=1.171875
        beamp=39 beamq=45 freq=0 polr=0 dstime=0 I=6.828125
        beamp=40 beamq=45 freq=0 polr=0 dstime=0 I=16.0
        beamp=41 beamq=45 freq=0 polr=0 dstime=0 I=6.828125
        beamp=43 beamq=45 freq=0 polr=0 dstime=0 I=1.171875
        beamp=45 beamq=45 freq=0 polr=0 dstime=0 I=1.171875
        beamp=47 beamq=45 freq=0 polr=0 dstime=0 I=6.828125
        beamp=0 beamq=46 freq=0 polr=0 dstime=0 I=16.0
        beamp=1 beamq=46 freq=0 polr=0 dstime=0 I=6.828125
        beamp=3 beamq=46 freq=0 polr=0 dstime=0 I=1.171875
        beamp=5 beamq=46 freq=0 polr=0 dstime=0 I=1.171875
        beamp=7 beamq=46 freq=0 polr=0 dstime=0 I=6.828125
        beamp=8 beamq=46 freq=0 polr=0 dstime=0 I=16.0
        beamp=9 beamq=46 freq=0 polr=0 dstime=0 I=6.828125
        beamp=11 beamq=46 freq=0 polr=0 dstime=0 I=1.171875
        beamp=13 beamq=46 freq=0 polr=0 dstime=0 I=1.171875
        beamp=15 beamq=46 freq=0 polr=0 dstime=0 I=6.828125
        beamp=16 beamq=46 freq=0 polr=0 dstime=0 I=16.0
        beamp=17 beamq=46 freq=0 polr=0 dstime=0 I=6.828125
        beamp=19 beamq=46 freq=0 polr=0 dstime=0 I=1.171875
        beamp=21 beamq=46 freq=0 polr=0 dstime=0 I=1.171875
        beamp=23 beamq=46 freq=0 polr=0 dstime=0 I=6.828125
        beamp=24 beamq=46 freq=0 polr=0 dstime=0 I=16.0
        beamp=25 beamq=46 freq=0 polr=0 dstime=0 I=6.828125
        beamp=27 beamq=46 freq=0 polr=0 dstime=0 I=1.171875
        beamp=29 beamq=46 freq=0 polr=0 dstime=0 I=1.171875
        beamp=31 beamq=46 freq=0 polr=0 dstime=0 I=6.828125
        beamp=32 beamq=46 freq=0 polr=0 dstime=0 I=16.0
        beamp=33 beamq=46 freq=0 polr=0 dstime=0 I=6.828125
        beamp=35 beamq=46 freq=0 polr=0 dstime=0 I=1.171875
        beamp=37 beamq=46 freq=0 polr=0 dstime=0 I=1.171875
        beamp=39 beamq=46 freq=0 polr=0 dstime=0 I=6.828125
        beamp=40 beamq=46 freq=0 polr=0 dstime=0 I=16.0
        beamp=41 beamq=46 freq=0 polr=0 dstime=0 I=6.828125
        beamp=43 beamq=46 freq=0 polr=0 dstime=0 I=1.171875
        beamp=45 beamq=46 freq=0 polr=0 dstime=0 I=1.171875
        beamp=47 beamq=46 freq=0 polr=0 dstime=0 I=6.828125
        beamp=0 beamq=47 freq=0 polr=0 dstime=0 I=16.0
        beamp=1 beamq=47 freq=0 polr=0 dstime=0 I=6.828125
        beamp=3 beamq=47 freq=0 polr=0 dstime=0 I=1.171875
        beamp=5 beamq=47 freq=0 polr=0 dstime=0 I=1.171875
        beamp=7 beamq=47 freq=0 polr=0 dstime=0 I=6.828125
        beamp=8 beamq=47 freq=0 polr=0 dstime=0 I=16.0
        beamp=9 beamq=47 freq=0 polr=0 dstime=0 I=6.828125
        beamp=11 beamq=47 freq=0 polr=0 dstime=0 I=1.171875
        beamp=13 beamq=47 freq=0 polr=0 dstime=0 I=1.171875
        beamp=15 beamq=47 freq=0 polr=0 dstime=0 I=6.828125
        beamp=16 beamq=47 freq=0 polr=0 dstime=0 I=16.0
        beamp=17 beamq=47 freq=0 polr=0 dstime=0 I=6.828125
        beamp=19 beamq=47 freq=0 polr=0 dstime=0 I=1.171875
        beamp=21 beamq=47 freq=0 polr=0 dstime=0 I=1.171875
        beamp=23 beamq=47 freq=0 polr=0 dstime=0 I=6.828125
        beamp=24 beamq=47 freq=0 polr=0 dstime=0 I=16.0
        beamp=25 beamq=47 freq=0 polr=0 dstime=0 I=6.828125
        beamp=27 beamq=47 freq=0 polr=0 dstime=0 I=1.171875
        beamp=29 beamq=47 freq=0 polr=0 dstime=0 I=1.171875
        beamp=31 beamq=47 freq=0 polr=0 dstime=0 I=6.828125
        beamp=32 beamq=47 freq=0 polr=0 dstime=0 I=16.0
        beamp=33 beamq=47 freq=0 polr=0 dstime=0 I=6.828125
        beamp=35 beamq=47 freq=0 polr=0 dstime=0 I=1.171875
        beamp=37 beamq=47 freq=0 polr=0 dstime=0 I=1.171875
        beamp=39 beamq=47 freq=0 polr=0 dstime=0 I=6.828125
        beamp=40 beamq=47 freq=0 polr=0 dstime=0 I=16.0
        beamp=41 beamq=47 freq=0 polr=0 dstime=0 I=6.828125
        beamp=43 beamq=47 freq=0 polr=0 dstime=0 I=1.171875
        beamp=45 beamq=47 freq=0 polr=0 dstime=0 I=1.171875
        beamp=47 beamq=47 freq=0 polr=0 dstime=0 I=6.828125
Done.
