[Choosing CUDA device...]
NVIDIA A40
[Creating frb kernel...]
[Done creating frb kernel]
CHORD FRB beamformer
Compiling kernel...
Allocating input data...
Setting up input data...
dish = 249
freq = 137
polr = 0
time = 1068
Wvalue = 0.36607796f0 - 0.7806393f0im
Evalue = 2 + 7im
dstime = 26
Copying data from CPU to GPU...
Running kernel...
Copying data back from GPU to CPU...
Checking results...
    I:
Done.
CHORD FRB beamformer
Compiling kernel...
Allocating input data...
Self-test iteration #1:
Setting up input data...
dish = 249
freq = 137
polr = 0
time = 1068
Wvalue = 0.36607796f0 - 0.7806393f0im
Evalue = 2 + 7im
dstime = 26
Copying data from CPU to GPU...
Running kernel...
Copying data back from GPU to CPU...
Checking results...
    I:
Self-test iteration #2:
Setting up input data...
dish = 94
freq = 122
polr = 0
time = 1804
Wvalue = -0.035860665f0 + 0.1579783f0im
Evalue = -1 + 0im
dstime = 45
Copying data from CPU to GPU...
Running kernel...
Copying data back from GPU to CPU...
Checking results...
    I:
Self-test iteration #3:
Setting up input data...
dish = 501
freq = 122
polr = 1
time = 1704
Wvalue = -0.06486827f0 - 0.06476007f0im
Evalue = 7 - 3im
dstime = 42
Copying data from CPU to GPU...
Running kernel...
Copying data back from GPU to CPU...
Checking results...
    I:
Self-test iteration #4:
Setting up input data...
dish = 24
freq = 169
polr = 0
time = 790
Wvalue = 0.22144084f0 - 0.013671779f0im
Evalue = 0 - 7im
dstime = 19
Copying data from CPU to GPU...
Running kernel...
Copying data back from GPU to CPU...
Checking results...
    I:
Self-test iteration #5:
Setting up input data...
dish = 377
freq = 21
polr = 0
time = 1532
Wvalue = 0.08203726f0 + 0.024061527f0im
Evalue = 6 + 3im
dstime = 38
Copying data from CPU to GPU...
Running kernel...
Copying data back from GPU to CPU...
Checking results...
    I:
Self-test iteration #6:
Setting up input data...
dish = 79
freq = 216
polr = 0
time = 1569
Wvalue = -0.14627357f0 - 0.31636235f0im
Evalue = 3 - 4im
dstime = 39
Copying data from CPU to GPU...
Running kernel...
Copying data back from GPU to CPU...
Checking results...
    I:
Self-test iteration #7:
Setting up input data...
dish = 438
freq = 79
polr = 0
time = 351
Wvalue = 0.088002644f0 - 0.2175489f0im
Evalue = 4 + 6im
dstime = 8
Copying data from CPU to GPU...
Running kernel...
Copying data back from GPU to CPU...
Checking results...
    I:
Self-test iteration #8:
Setting up input data...
dish = 392
freq = 238
polr = 0
time = 1490
Wvalue = -0.07078332f0 + 0.031972658f0im
Evalue = 5 - 4im
dstime = 37
Copying data from CPU to GPU...
Running kernel...
Copying data back from GPU to CPU...
Checking results...
    I:
Self-test iteration #9:
Setting up input data...
dish = 223
freq = 44
polr = 0
time = 668
Wvalue = -0.52659076f0 - 0.54174477f0im
Evalue = -5 + 4im
dstime = 16
Copying data from CPU to GPU...
Running kernel...
Copying data back from GPU to CPU...
Checking results...
    I:
Self-test iteration #10:
Setting up input data...
dish = 31
freq = 106
polr = 1
time = 1118
Wvalue = 0.09314887f0 - 0.05993561f0im
Evalue = 0 + 3im
dstime = 27
Copying data from CPU to GPU...
Running kernel...
Copying data back from GPU to CPU...
Checking results...
    I:
Self-test iteration #11:
Setting up input data...
dish = 390
freq = 222
polr = 1
time = 144
Wvalue = -0.42312256f0 - 0.48589003f0im
Evalue = 3 + 6im
dstime = 3
Copying data from CPU to GPU...
Running kernel...
Copying data back from GPU to CPU...
Checking results...
    I:
Self-test iteration #12:
Setting up input data...
dish = 142
freq = 88
polr = 1
time = 1057
Wvalue = 0.098216854f0 - 0.14132565f0im
Evalue = 3 - 3im
dstime = 26
Copying data from CPU to GPU...
Running kernel...
Copying data back from GPU to CPU...
Checking results...
    I:
Self-test iteration #13:
Setting up input data...
dish = 494
freq = 1
polr = 0
time = 927
Wvalue = 0.1623417f0 + 0.3853382f0im
Evalue = -5 + 5im
dstime = 23
Copying data from CPU to GPU...
Running kernel...
Copying data back from GPU to CPU...
Checking results...
    I:
Self-test iteration #14:
Setting up input data...
dish = 321
freq = 180
polr = 0
time = 327
Wvalue = -0.16705112f0 + 0.6216657f0im
Evalue = -7 - 7im
dstime = 8
Copying data from CPU to GPU...
Running kernel...
Copying data back from GPU to CPU...
Checking results...
    I:
Self-test iteration #15:
Setting up input data...
dish = 190
freq = 14
polr = 0
time = 85
Wvalue = 0.058301017f0 - 0.28460163f0im
Evalue = 6 - 7im
dstime = 2
Copying data from CPU to GPU...
Running kernel...
Copying data back from GPU to CPU...
Checking results...
    I:
Self-test iteration #16:
Setting up input data...
dish = 44
freq = 181
polr = 0
time = 1817
Wvalue = -0.08612984f0 - 0.0026292475f0im
Evalue = 4 + 7im
dstime = 45
Copying data from CPU to GPU...
Running kernel...
Copying data back from GPU to CPU...
Checking results...
    I:
Self-test iteration #17:
Setting up input data...
dish = 133
freq = 50
polr = 0
time = 410
Wvalue = 0.70503885f0 - 0.4069402f0im
Evalue = -7 + 2im
dstime = 10
Copying data from CPU to GPU...
Running kernel...
Copying data back from GPU to CPU...
Checking results...
    I:
Self-test iteration #18:
Setting up input data...
dish = 508
freq = 51
polr = 0
time = 1746
Wvalue = -0.07771763f0 + 0.013480611f0im
Evalue = 3 - 7im
dstime = 43
Copying data from CPU to GPU...
Running kernel...
Copying data back from GPU to CPU...
Checking results...
    I:
Self-test iteration #19:
Setting up input data...
dish = 343
freq = 126
polr = 0
time = 620
Wvalue = -0.51639163f0 + 0.51591104f0im
Evalue = -7 + 6im
dstime = 15
Copying data from CPU to GPU...
Running kernel...
Copying data back from GPU to CPU...
Checking results...
    I:
Self-test iteration #20:
Setting up input data...
dish = 376
freq = 255
polr = 1
time = 725
Wvalue = 0.26789758f0 - 0.16304721f0im
Evalue = 1 - 4im
dstime = 18
Copying data from CPU to GPU...
Running kernel...
Copying data back from GPU to CPU...
Checking results...
    I:
Self-test iteration #21:
Setting up input data...
dish = 488
freq = 87
polr = 0
time = 922
Wvalue = -0.13363057f0 + 0.08357549f0im
Evalue = -3 + 7im
dstime = 23
Copying data from CPU to GPU...
Running kernel...
Copying data back from GPU to CPU...
Checking results...
    I:
Self-test iteration #22:
Setting up input data...
dish = 144
freq = 151
polr = 1
time = 26
Wvalue = -0.06329116f0 - 0.06856521f0im
Evalue = -6 - 1im
dstime = 0
Copying data from CPU to GPU...
Running kernel...
Copying data back from GPU to CPU...
Checking results...
    I:
Self-test iteration #23:
Setting up input data...
dish = 452
freq = 194
polr = 0
time = 1908
Wvalue = 0.27491438f0 - 0.07214603f0im
Evalue = 6 - 3im
dstime = 47
Copying data from CPU to GPU...
Running kernel...
Copying data back from GPU to CPU...
Checking results...
    I:
Self-test iteration #24:
Setting up input data...
dish = 497
freq = 149
polr = 1
time = 1694
Wvalue = 0.3229152f0 - 0.41369197f0im
Evalue = -4 + 5im
dstime = 42
Copying data from CPU to GPU...
Running kernel...
Copying data back from GPU to CPU...
Checking results...
    I:
Self-test iteration #25:
Setting up input data...
dish = 302
freq = 220
polr = 0
time = 921
Wvalue = 0.20589519f0 + 0.12083762f0im
Evalue = 4 - 6im
dstime = 23
Copying data from CPU to GPU...
Running kernel...
Copying data back from GPU to CPU...
Checking results...
    I:
Self-test iteration #26:
Setting up input data...
dish = 359
freq = 121
polr = 0
time = 1246
Wvalue = -0.014907262f0 + 0.0018497907f0im
Evalue = 7 - 4im
dstime = 31
Copying data from CPU to GPU...
Running kernel...
Copying data back from GPU to CPU...
Checking results...
    I:
Self-test iteration #27:
Setting up input data...
dish = 175
freq = 82
polr = 0
time = 1651
Wvalue = -0.007349653f0 + 0.21603537f0im
Evalue = -3 - 1im
dstime = 41
Copying data from CPU to GPU...
Running kernel...
Copying data back from GPU to CPU...
Checking results...
    I:
Self-test iteration #28:
Setting up input data...
dish = 233
freq = 167
polr = 0
time = 617
Wvalue = 0.7484029f0 - 0.2776945f0im
Evalue = 0 - 5im
dstime = 15
Copying data from CPU to GPU...
Running kernel...
Copying data back from GPU to CPU...
Checking results...
    I:
Self-test iteration #29:
Setting up input data...
dish = 143
freq = 95
polr = 0
time = 175
Wvalue = -0.2344105f0 + 0.31144387f0im
Evalue = -1 - 3im
dstime = 4
Copying data from CPU to GPU...
Running kernel...
Copying data back from GPU to CPU...
Checking results...
    I:
Self-test iteration #30:
Setting up input data...
dish = 422
freq = 250
polr = 0
time = 47
Wvalue = -0.1624025f0 + 0.40929845f0im
Evalue = 4 - 6im
dstime = 1
Copying data from CPU to GPU...
Running kernel...
Copying data back from GPU to CPU...
Checking results...
    I:
Self-test iteration #31:
Setting up input data...
dish = 474
freq = 66
polr = 0
time = 234
Wvalue = 0.11348227f0 + 0.07906351f0im
Evalue = -2 + 3im
dstime = 5
Copying data from CPU to GPU...
Running kernel...
Copying data back from GPU to CPU...
Checking results...
    I:
Self-test iteration #32:
Setting up input data...
dish = 465
freq = 24
polr = 1
time = 1064
Wvalue = -0.33493632f0 + 0.7505789f0im
Evalue = 1 + 7im
dstime = 26
Copying data from CPU to GPU...
Running kernel...
Copying data back from GPU to CPU...
Checking results...
    I:
Self-test iteration #33:
Setting up input data...
dish = 102
freq = 192
polr = 0
time = 81
Wvalue = -0.062374413f0 + 0.017015267f0im
Evalue = 3 + 5im
dstime = 2
Copying data from CPU to GPU...
Running kernel...
Copying data back from GPU to CPU...
Checking results...
    I:
Self-test iteration #34:
Setting up input data...
dish = 50
freq = 211
polr = 0
time = 682
Wvalue = -0.6051028f0 - 0.48686147f0im
Evalue = -6 + 4im
dstime = 17
Copying data from CPU to GPU...
Running kernel...
Copying data back from GPU to CPU...
Checking results...
    I:
Self-test iteration #35:
Setting up input data...
dish = 4
freq = 89
polr = 0
time = 175
Wvalue = -0.2838652f0 - 0.06287249f0im
Evalue = 7 + 5im
dstime = 4
Copying data from CPU to GPU...
Running kernel...
Copying data back from GPU to CPU...
Checking results...
    I:
Self-test iteration #36:
Setting up input data...
dish = 292
freq = 240
polr = 1
time = 13
Wvalue = -0.111461f0 - 0.10889436f0im
Evalue = -7 - 7im
dstime = 0
Copying data from CPU to GPU...
Running kernel...
Copying data back from GPU to CPU...
Checking results...
    I:
Self-test iteration #37:
Setting up input data...
dish = 61
freq = 252
polr = 1
time = 924
Wvalue = 0.05002933f0 + 0.8811201f0im
Evalue = 4 - 5im
dstime = 23
Copying data from CPU to GPU...
Running kernel...
Copying data back from GPU to CPU...
Checking results...
    I:
Self-test iteration #38:
Setting up input data...
dish = 270
freq = 218
polr = 1
time = 407
Wvalue = 0.07916075f0 + 0.5448785f0im
Evalue = -6 - 6im
dstime = 10
Copying data from CPU to GPU...
Running kernel...
Copying data back from GPU to CPU...
Checking results...
    I:
Self-test iteration #39:
Setting up input data...
dish = 93
freq = 96
polr = 0
time = 447
Wvalue = -0.04303104f0 + 0.07205401f0im
Evalue = -7 - 6im
dstime = 11
Copying data from CPU to GPU...
Running kernel...
Copying data back from GPU to CPU...
Checking results...
    I:
Self-test iteration #40:
Setting up input data...
dish = 267
freq = 155
polr = 1
time = 52
Wvalue = -0.23879953f0 + 0.1383101f0im
Evalue = 2 - 3im
dstime = 1
Copying data from CPU to GPU...
Running kernel...
Copying data back from GPU to CPU...
Checking results...
    I:
Self-test iteration #41:
Setting up input data...
dish = 320
freq = 49
polr = 1
time = 432
Wvalue = 0.5307792f0 - 0.31612617f0im
Evalue = -6 + 1im
dstime = 10
Copying data from CPU to GPU...
Running kernel...
Copying data back from GPU to CPU...
Checking results...
    I:
Self-test iteration #42:
Setting up input data...
dish = 256
freq = 68
polr = 1
time = 318
Wvalue = -0.23489843f0 - 0.3138938f0im
Evalue = -4 - 2im
dstime = 7
Copying data from CPU to GPU...
Running kernel...
Copying data back from GPU to CPU...
Checking results...
    I:
Self-test iteration #43:
Setting up input data...
dish = 222
freq = 27
polr = 0
time = 1776
Wvalue = 0.09677274f0 - 0.13687783f0im
Evalue = 1 - 2im
dstime = 44
Copying data from CPU to GPU...
Running kernel...
Copying data back from GPU to CPU...
Checking results...
    I:
Self-test iteration #44:
Setting up input data...
dish = 83
freq = 232
polr = 1
time = 1017
Wvalue = -0.007004454f0 + 0.06682137f0im
Evalue = -1 - 2im
dstime = 25
Copying data from CPU to GPU...
Running kernel...
Copying data back from GPU to CPU...
Checking results...
    I:
Self-test iteration #45:
Setting up input data...
dish = 430
freq = 40
polr = 0
time = 1760
Wvalue = -0.009343318f0 - 0.003110035f0im
Evalue = 6 + 0im
dstime = 44
Copying data from CPU to GPU...
Running kernel...
Copying data back from GPU to CPU...
Checking results...
    I:
Self-test iteration #46:
Setting up input data...
dish = 67
freq = 12
polr = 1
time = 695
Wvalue = 0.38980368f0 - 0.3683535f0im
Evalue = 2 - 2im
dstime = 17
Copying data from CPU to GPU...
Running kernel...
Copying data back from GPU to CPU...
Checking results...
    I:
Self-test iteration #47:
Setting up input data...
dish = 200
freq = 133
polr = 1
time = 233
Wvalue = 0.041014504f0 - 0.13316582f0im
Evalue = 1 - 2im
dstime = 5
Copying data from CPU to GPU...
Running kernel...
Copying data back from GPU to CPU...
Checking results...
    I:
Self-test iteration #48:
Setting up input data...
dish = 317
freq = 159
polr = 1
time = 227
Wvalue = -0.027421786f0 - 0.55693203f0im
Evalue = -6 - 7im
dstime = 5
Copying data from CPU to GPU...
Running kernel...
Copying data back from GPU to CPU...
Checking results...
    I:
Self-test iteration #49:
Setting up input data...
dish = 369
freq = 44
polr = 0
time = 1968
Wvalue = 0.35569188f0 - 0.022346519f0im
Evalue = -4 - 2im
dstime = 49
Copying data from CPU to GPU...
Running kernel...
Copying data back from GPU to CPU...
Checking results...
    I:
Self-test iteration #50:
Setting up input data...
dish = 85
freq = 144
polr = 1
time = 1374
Wvalue = -0.0663685f0 + 0.5150743f0im
Evalue = 5 - 1im
dstime = 34
Copying data from CPU to GPU...
Running kernel...
Copying data back from GPU to CPU...
Checking results...
    I:
Self-test iteration #51:
Setting up input data...
dish = 159
freq = 97
polr = 0
time = 130
Wvalue = 0.21522544f0 + 0.12670344f0im
Evalue = 3 - 6im
dstime = 3
Copying data from CPU to GPU...
Running kernel...
Copying data back from GPU to CPU...
Checking results...
    I:
Self-test iteration #52:
Setting up input data...
dish = 182
freq = 74
polr = 1
time = 1182
Wvalue = 0.018034464f0 + 0.023557996f0im
Evalue = 0 + 3im
dstime = 29
Copying data from CPU to GPU...
Running kernel...
Copying data back from GPU to CPU...
Checking results...
    I:
Self-test iteration #53:
Setting up input data...
dish = 249
freq = 71
polr = 0
time = 610
Wvalue = -0.010616554f0 - 0.0045774207f0im
Evalue = -3 + 1im
dstime = 15
Copying data from CPU to GPU...
Running kernel...
Copying data back from GPU to CPU...
Checking results...
    I:
Self-test iteration #54:
Setting up input data...
dish = 236
freq = 134
polr = 0
time = 909
Wvalue = 0.013066789f0 + 0.21425088f0im
Evalue = -6 - 4im
dstime = 22
Copying data from CPU to GPU...
Running kernel...
Copying data back from GPU to CPU...
Checking results...
    I:
Self-test iteration #55:
Setting up input data...
dish = 261
freq = 118
polr = 1
time = 1925
Wvalue = 0.3741643f0 - 0.026385833f0im
Evalue = -4 - 4im
dstime = 48
Copying data from CPU to GPU...
Running kernel...
Copying data back from GPU to CPU...
Checking results...
    I:
Self-test iteration #56:
Setting up input data...
dish = 407
freq = 220
polr = 0
time = 1602
Wvalue = 0.17149186f0 + 0.48776832f0im
Evalue = -7 + 7im
dstime = 40
Copying data from CPU to GPU...
Running kernel...
Copying data back from GPU to CPU...
Checking results...
    I:
Self-test iteration #57:
Setting up input data...
dish = 496
freq = 218
polr = 1
time = 1292
Wvalue = 0.031674903f0 - 0.06716297f0im
Evalue = 7 - 5im
dstime = 32
Copying data from CPU to GPU...
Running kernel...
Copying data back from GPU to CPU...
Checking results...
    I:
Self-test iteration #58:
Setting up input data...
dish = 238
freq = 186
polr = 0
time = 1948
Wvalue = -0.5476314f0 - 0.13966173f0im
Evalue = -4 + 3im
dstime = 48
Copying data from CPU to GPU...
Running kernel...
Copying data back from GPU to CPU...
Checking results...
    I:
Self-test iteration #59:
Setting up input data...
dish = 314
freq = 64
polr = 1
time = 473
Wvalue = 0.1545314f0 + 0.0948308f0im
Evalue = -3 - 7im
dstime = 11
Copying data from CPU to GPU...
Running kernel...
Copying data back from GPU to CPU...
Checking results...
    I:
Self-test iteration #60:
Setting up input data...
dish = 309
freq = 174
polr = 1
time = 1436
Wvalue = -0.21889567f0 + 0.3282319f0im
Evalue = 7 + 0im
dstime = 35
Copying data from CPU to GPU...
Running kernel...
Copying data back from GPU to CPU...
Checking results...
    I:
Self-test iteration #61:
Setting up input data...
dish = 44
freq = 209
polr = 1
time = 1299
Wvalue = -0.05074393f0 + 0.030127646f0im
Evalue = 7 + 3im
dstime = 32
Copying data from CPU to GPU...
Running kernel...
Copying data back from GPU to CPU...
Checking results...
    I:
Self-test iteration #62:
Setting up input data...
dish = 361
freq = 62
polr = 0
time = 1112
Wvalue = 0.016422987f0 - 0.012102139f0im
Evalue = -2 - 7im
dstime = 27
Copying data from CPU to GPU...
Running kernel...
Copying data back from GPU to CPU...
Checking results...
    I:
Self-test iteration #63:
Setting up input data...
dish = 18
freq = 163
polr = 1
time = 884
Wvalue = 0.012945919f0 + 0.7739341f0im
Evalue = -3 - 4im
dstime = 22
Copying data from CPU to GPU...
Running kernel...
Copying data back from GPU to CPU...
Checking results...
    I:
Self-test iteration #64:
Setting up input data...
dish = 82
freq = 182
polr = 1
time = 466
Wvalue = 0.13202308f0 - 0.3910367f0im
Evalue = 6 - 6im
dstime = 11
Copying data from CPU to GPU...
Running kernel...
Copying data back from GPU to CPU...
Checking results...
    I:
Self-test iteration #65:
Setting up input data...
dish = 235
freq = 78
polr = 0
time = 973
Wvalue = 0.13559361f0 - 0.2287737f0im
Evalue = 7 + 2im
dstime = 24
Copying data from CPU to GPU...
Running kernel...
Copying data back from GPU to CPU...
Checking results...
    I:
Self-test iteration #66:
Setting up input data...
dish = 212
freq = 152
polr = 0
time = 1888
Wvalue = 0.32505548f0 - 0.32794514f0im
Evalue = 1 - 5im
dstime = 47
Copying data from CPU to GPU...
Running kernel...
Copying data back from GPU to CPU...
Checking results...
    I:
Self-test iteration #67:
Setting up input data...
dish = 215
freq = 188
polr = 0
time = 931
Wvalue = -0.47396898f0 - 0.012327997f0im
Evalue = 0 + 1im
dstime = 23
Copying data from CPU to GPU...
Running kernel...
Copying data back from GPU to CPU...
Checking results...
    I:
Self-test iteration #68:
Setting up input data...
dish = 26
freq = 48
polr = 1
time = 1399
Wvalue = 0.0133510735f0 + 0.23282138f0im
Evalue = -2 - 5im
dstime = 34
Copying data from CPU to GPU...
Running kernel...
Copying data back from GPU to CPU...
Checking results...
    I:
Self-test iteration #69:
Setting up input data...
dish = 388
freq = 178
polr = 0
time = 2047
Wvalue = -0.0054826858f0 + 0.5672822f0im
Evalue = 4 + 2im
dstime = 51
Copying data from CPU to GPU...
Running kernel...
Copying data back from GPU to CPU...
Checking results...
    I:
Self-test iteration #70:
Setting up input data...
dish = 237
freq = 187
polr = 0
time = 1891
Wvalue = -0.009966397f0 - 0.00028061518f0im
Evalue = 0 + 3im
dstime = 47
Copying data from CPU to GPU...
Running kernel...
Copying data back from GPU to CPU...
Checking results...
    I:
Self-test iteration #71:
Setting up input data...
dish = 319
freq = 188
polr = 1
time = 958
Wvalue = -0.16177163f0 - 0.048015974f0im
Evalue = -2 - 7im
dstime = 23
Copying data from CPU to GPU...
Running kernel...
Copying data back from GPU to CPU...
Checking results...
    I:
Self-test iteration #72:
Setting up input data...
dish = 133
freq = 74
polr = 0
time = 1498
Wvalue = -0.20101038f0 - 0.12838851f0im
Evalue = 3 + 2im
dstime = 37
Copying data from CPU to GPU...
Running kernel...
Copying data back from GPU to CPU...
Checking results...
    I:
Self-test iteration #73:
Setting up input data...
dish = 85
freq = 44
polr = 1
time = 1186
Wvalue = -0.011008109f0 + 0.02706894f0im
Evalue = 1 + 7im
dstime = 29
Copying data from CPU to GPU...
Running kernel...
Copying data back from GPU to CPU...
Checking results...
    I:
Self-test iteration #74:
Setting up input data...
dish = 82
freq = 75
polr = 0
time = 40
Wvalue = 0.021237964f0 - 0.025601575f0im
Evalue = 5 + 1im
dstime = 1
Copying data from CPU to GPU...
Running kernel...
Copying data back from GPU to CPU...
Checking results...
    I:
Self-test iteration #75:
Setting up input data...
dish = 40
freq = 220
polr = 1
time = 869
Wvalue = 0.41987443f0 - 0.7950191f0im
Evalue = -3 + 4im
dstime = 21
Copying data from CPU to GPU...
Running kernel...
Copying data back from GPU to CPU...
Checking results...
    I:
Self-test iteration #76:
Setting up input data...
dish = 262
freq = 56
polr = 0
time = 514
Wvalue = 0.09038561f0 - 0.0015317257f0im
Evalue = 0 + 6im
dstime = 12
Copying data from CPU to GPU...
Running kernel...
Copying data back from GPU to CPU...
Checking results...
    I:
Self-test iteration #77:
Setting up input data...
dish = 93
freq = 202
polr = 0
time = 469
Wvalue = 0.3647915f0 - 0.015065662f0im
Evalue = 6 + 5im
dstime = 11
Copying data from CPU to GPU...
Running kernel...
Copying data back from GPU to CPU...
Checking results...
    I:
Self-test iteration #78:
Setting up input data...
dish = 24
freq = 117
polr = 0
time = 1730
Wvalue = -0.11395079f0 - 0.21362607f0im
Evalue = 2 - 5im
dstime = 43
Copying data from CPU to GPU...
Running kernel...
Copying data back from GPU to CPU...
Checking results...
    I:
Self-test iteration #79:
Setting up input data...
dish = 69
freq = 31
polr = 0
time = 1874
Wvalue = 0.02840816f0 + 0.20445193f0im
Evalue = 0 + 0im
dstime = 46
Copying data from CPU to GPU...
Running kernel...
Copying data back from GPU to CPU...
Checking results...
    I:
Self-test iteration #80:
Setting up input data...
dish = 438
freq = 112
polr = 1
time = 694
Wvalue = 0.5673619f0 + 0.4230724f0im
Evalue = -1 + 6im
dstime = 17
Copying data from CPU to GPU...
Running kernel...
Copying data back from GPU to CPU...
Checking results...
    I:
Self-test iteration #81:
Setting up input data...
dish = 375
freq = 142
polr = 0
time = 1417
Wvalue = 0.11849197f0 - 0.18866636f0im
Evalue = -6 + 1im
dstime = 35
Copying data from CPU to GPU...
Running kernel...
Copying data back from GPU to CPU...
Checking results...
    I:
Self-test iteration #82:
Setting up input data...
dish = 110
freq = 241
polr = 1
time = 1614
Wvalue = -0.015931683f0 - 0.0017256944f0im
Evalue = 2 - 5im
dstime = 40
Copying data from CPU to GPU...
Running kernel...
Copying data back from GPU to CPU...
Checking results...
    I:
Self-test iteration #83:
Setting up input data...
dish = 109
freq = 36
polr = 1
time = 1126
Wvalue = 0.3276096f0 + 0.34041005f0im
Evalue = 7 + 3im
dstime = 28
Copying data from CPU to GPU...
Running kernel...
Copying data back from GPU to CPU...
Checking results...
    I:
Self-test iteration #84:
Setting up input data...
dish = 201
freq = 132
polr = 0
time = 1244
Wvalue = -0.3402888f0 - 0.04985141f0im
Evalue = 2 + 0im
dstime = 31
Copying data from CPU to GPU...
Running kernel...
Copying data back from GPU to CPU...
Checking results...
    I:
Self-test iteration #85:
Setting up input data...
dish = 434
freq = 58
polr = 0
time = 38
Wvalue = 0.041266683f0 + 0.32791993f0im
Evalue = -5 + 3im
dstime = 0
Copying data from CPU to GPU...
Running kernel...
Copying data back from GPU to CPU...
Checking results...
    I:
Self-test iteration #86:
Setting up input data...
dish = 8
freq = 107
polr = 0
time = 806
Wvalue = -0.5449194f0 + 0.10114293f0im
Evalue = -2 - 5im
dstime = 20
Copying data from CPU to GPU...
Running kernel...
Copying data back from GPU to CPU...
Checking results...
    I:
Self-test iteration #87:
Setting up input data...
dish = 132
freq = 110
polr = 0
time = 1738
Wvalue = -0.044059467f0 + 0.048180062f0im
Evalue = 2 - 4im
dstime = 43
Copying data from CPU to GPU...
Running kernel...
Copying data back from GPU to CPU...
Checking results...
    I:
Self-test iteration #88:
Setting up input data...
dish = 290
freq = 97
polr = 0
time = 1440
Wvalue = 0.08722712f0 + 0.39195895f0im
Evalue = -3 + 1im
dstime = 36
Copying data from CPU to GPU...
Running kernel...
Copying data back from GPU to CPU...
Checking results...
    I:
Self-test iteration #89:
Setting up input data...
dish = 314
freq = 146
polr = 1
time = 427
Wvalue = 0.021196501f0 - 0.430688f0im
Evalue = -6 + 1im
dstime = 10
Copying data from CPU to GPU...
Running kernel...
Copying data back from GPU to CPU...
Checking results...
    I:
Self-test iteration #90:
Setting up input data...
dish = 10
freq = 48
polr = 0
time = 1642
Wvalue = 0.15072215f0 + 0.083419405f0im
Evalue = 2 + 5im
dstime = 41
Copying data from CPU to GPU...
Running kernel...
Copying data back from GPU to CPU...
Checking results...
    I:
Self-test iteration #91:
Setting up input data...
dish = 506
freq = 70
polr = 0
time = 1328
Wvalue = 0.31377545f0 + 0.068693034f0im
Evalue = 1 + 7im
dstime = 33
Copying data from CPU to GPU...
Running kernel...
Copying data back from GPU to CPU...
Checking results...
    I:
Self-test iteration #92:
Setting up input data...
dish = 307
freq = 120
polr = 1
time = 1402
Wvalue = 0.013337564f0 + 0.46230862f0im
Evalue = -5 - 6im
dstime = 35
Copying data from CPU to GPU...
Running kernel...
Copying data back from GPU to CPU...
Checking results...
    I:
Self-test iteration #93:
Setting up input data...
dish = 509
freq = 3
polr = 0
time = 289
Wvalue = -0.74969745f0 - 0.45360038f0im
Evalue = -2 + 0im
dstime = 7
Copying data from CPU to GPU...
Running kernel...
Copying data back from GPU to CPU...
Checking results...
    I:
Self-test iteration #94:
Setting up input data...
dish = 494
freq = 100
polr = 1
time = 1851
Wvalue = 0.1314712f0 - 0.2108385f0im
Evalue = -7 - 2im
dstime = 46
Copying data from CPU to GPU...
Running kernel...
Copying data back from GPU to CPU...
Checking results...
    I:
Self-test iteration #95:
Setting up input data...
dish = 473
freq = 108
polr = 0
time = 181
Wvalue = -0.07268033f0 + 0.3842287f0im
Evalue = 2 + 5im
dstime = 4
Copying data from CPU to GPU...
Running kernel...
Copying data back from GPU to CPU...
Checking results...
    I:
Self-test iteration #96:
Setting up input data...
dish = 488
freq = 243
polr = 0
time = 491
Wvalue = 0.23561832f0 + 0.106074005f0im
Evalue = -4 + 2im
dstime = 12
Copying data from CPU to GPU...
Running kernel...
Copying data back from GPU to CPU...
Checking results...
    I:
Self-test iteration #97:
Setting up input data...
dish = 246
freq = 42
polr = 0
time = 1628
Wvalue = 0.108523935f0 - 0.10831979f0im
Evalue = -5 + 5im
dstime = 40
Copying data from CPU to GPU...
Running kernel...
Copying data back from GPU to CPU...
Checking results...
    I:
Self-test iteration #98:
Setting up input data...
dish = 467
freq = 246
polr = 0
time = 109
Wvalue = 0.03947877f0 + 0.055513483f0im
Evalue = 2 - 6im
dstime = 2
Copying data from CPU to GPU...
Running kernel...
Copying data back from GPU to CPU...
Checking results...
    I:
Self-test iteration #99:
Setting up input data...
dish = 427
freq = 65
polr = 0
time = 1293
Wvalue = 0.1243333f0 - 0.10934557f0im
Evalue = 5 + 3im
dstime = 32
Copying data from CPU to GPU...
Running kernel...
Copying data back from GPU to CPU...
Checking results...
    I:
Self-test iteration #100:
Setting up input data...
dish = 233
freq = 170
polr = 1
time = 552
Wvalue = -0.024556918f0 + 0.09380169f0im
Evalue = 6 + 4im
dstime = 13
Copying data from CPU to GPU...
Running kernel...
Copying data back from GPU to CPU...
Checking results...
    I:
Done.
