[Creating upchan kernel...]
[Done creating upchan kernel]
Writing PTX code...
Writing SASS code...
CHORD upchannelizer
Compiling kernel...
Allocating input data...
Setting up input data...
Copying data from CPU to GPU...
Running kernel...
Copying data back from GPU to CPU...
Checking results...
    Ē:
        dish=0 fbar=0 polr=0 tbar=0 Ē=-1 + 0im Ē₀=-5.5237064f0 + 4.013209f0im ΔĒ=6.047294
        dish=0 fbar=0 polr=0 tbar=1 Ē=3 + 1im Ē₀=6.8276777f0 + 0.0f0im ΔĒ=3.9561493
        dish=0 fbar=1 polr=0 tbar=1 Ē=0 - 1im Ē₀=0.0f0 + 0.0f0im ΔĒ=1.0
        dish=0 fbar=15 polr=0 tbar=1 Ē=0 + 1im Ē₀=0.0f0 + 0.0f0im ΔĒ=1.0
Found 4 errors
ERROR: LoadError: AssertionError: num_errors == 0
Stacktrace:
 [1] main(; compile_only::Bool, nruns::Int64, run_selftest::Bool, silent::Bool)
   @ Main ~/src/jl/IndexSpaces/kernels/upchan.jl:1131
 [2] top-level scope
   @ ~/src/jl/IndexSpaces/kernels/upchan.jl:1225
in expression starting at /home/eschnett/src/jl/IndexSpaces/kernels/upchan.jl:1208
